PRT1
200
405
902
4 0 23 0 (1024 1088 64 ) (1024 1344 64 ) (1024 1344 0 ) (1024 1088 0 ) 
4 0 24 0 (1024 1024 0 ) (1024 1024 64 ) (1024 1088 64 ) (1024 1088 0 ) 
4 0 17 0 (1024 1024 64 ) (1024 1024 256 ) (1024 1344 256 ) (1024 1344 64 ) 
4 0 1 0 (1024 1024 256 ) (1024 1024 0 ) (1472 1024 0 ) (1472 1024 256 ) 
4 1 46 0 (1024 1024 128 ) (1024 1024 0 ) (1024 832 0 ) (1024 832 128 ) 
4 1 30 0 (1024 1024 192 ) (1024 1024 128 ) (1024 832 128 ) (1024 832 192 ) 
4 1 29 0 (1024 1024 256 ) (1024 1024 192 ) (1024 832 192 ) (1024 832 256 ) 
4 1 2 0 (1088 832 0 ) (1216 832 0 ) (1216 832 64 ) (1088 832 64 ) 
4 2 5 0 (1088 320 0 ) (1216 320 0 ) (1216 320 64 ) (1088 320 64 ) 
4 3 37 0 (1024 576 128 ) (1024 320 128 ) (1024 320 192 ) (1024 576 192 ) 
4 3 33 0 (1024 704 192 ) (1024 704 128 ) (1024 576 128 ) (1024 576 192 ) 
4 3 4 0 (1024 320 192 ) (1024 320 128 ) (1088 320 128 ) (1088 320 192 ) 
4 4 38 0 (1024 0 128 ) (1024 0 384 ) (1024 320 384 ) (1024 320 128 ) 
4 4 8 0 (1024 0 384 ) (1024 0 128 ) (1600 0 128 ) (1600 0 384 ) 
4 4 7 0 (1216 0 128 ) (1024 0 128 ) (1024 64 128 ) (1216 64 128 ) 
4 5 47 0 (1024 320 64 ) (1024 320 0 ) (1024 192 0 ) (1024 192 64 ) 
4 5 6 0 (1344 192 0 ) (1472 192 0 ) (1472 192 64 ) (1344 192 64 ) 
4 6 9 0 (1344 0 0 ) (1472 0 0 ) (1472 0 64 ) (1344 0 64 ) 
4 7 48 0 (1024 0 32 ) (1024 0 128 ) (1024 64 128 ) (1024 64 32 ) 
3 7 10 0 (1024 0 128 ) (1024 0 32 ) (1216 0 128 ) 
4 8 62 0 (1024 0 384 ) (1024 0 128 ) (1024 -320 128 ) (1024 -320 384 ) 
4 8 12 0 (1344 -320 128 ) (1472 -320 128 ) (1472 -320 192 ) (1344 -320 192 ) 
4 8 10 0 (1024 -64 128 ) (1024 0 128 ) (1216 0 128 ) (1216 -64 128 ) 
4 9 11 0 (1344 -192 0 ) (1472 -192 0 ) (1472 -192 64 ) (1344 -192 64 ) 
4 10 78 0 (1024 0 128 ) (1024 0 32 ) (1024 -64 32 ) (1024 -64 128 ) 
4 11 79 0 (1024 -192 0 ) (1024 -320 0 ) (1024 -320 64 ) (1024 -192 64 ) 
4 11 14 0 (1088 -320 0 ) (1216 -320 0 ) (1216 -320 64 ) (1088 -320 64 ) 
4 12 13 0 (1344 -576 128 ) (1344 -704 128 ) (1344 -704 192 ) (1344 -576 192 ) 
4 13 63 0 (1024 -576 128 ) (1024 -704 128 ) (1024 -704 192 ) (1024 -576 192 ) 
4 14 15 0 (1088 -832 0 ) (1216 -832 0 ) (1216 -832 64 ) (1088 -832 64 ) 
4 15 80 0 (1024 -1024 0 ) (1024 -1024 128 ) (1024 -832 128 ) (1024 -832 0 ) 
4 15 64 0 (1024 -1024 128 ) (1024 -1024 256 ) (1024 -832 256 ) (1024 -832 128 ) 
4 15 16 0 (1024 -1024 256 ) (1024 -1024 0 ) (1472 -1024 0 ) (1472 -1024 256 ) 
4 16 97 0 (1024 -1088 0 ) (1024 -1344 0 ) (1024 -1344 64 ) (1024 -1088 64 ) 
4 16 96 0 (1024 -1024 64 ) (1024 -1024 0 ) (1024 -1088 0 ) (1024 -1088 64 ) 
4 16 94 0 (1024 -1344 256 ) (1024 -1024 256 ) (1024 -1024 64 ) (1024 -1344 64 ) 
4 17 46 0 (960 1024 64 ) (1024 1024 64 ) (1024 1024 128 ) (960 1024 128 ) 
4 17 30 0 (1024 1024 128 ) (1024 1024 192 ) (960 1024 192 ) (960 1024 128 ) 
4 17 29 0 (1024 1024 192 ) (1024 1024 256 ) (960 1024 256 ) (960 1024 192 ) 
4 17 23 0 (960 1088 64 ) (960 1344 64 ) (1024 1344 64 ) (1024 1088 64 ) 
4 17 24 0 (1024 1024 64 ) (960 1024 64 ) (960 1088 64 ) (1024 1088 64 ) 
4 18 28 0 (448 1024 256 ) (448 1024 384 ) (64 1024 384 ) (64 1024 256 ) 
4 18 19 0 (64 1216 256 ) (64 1344 256 ) (320 1344 256 ) (320 1216 256 ) 
4 19 21 0 (64 1344 192 ) (192 1344 192 ) (192 1216 192 ) (64 1216 192 ) 
4 20 32 0 (320 1024 128 ) (448 1024 128 ) (448 1024 192 ) (320 1024 192 ) 
4 20 22 0 (320 1216 128 ) (320 1024 128 ) (320 1024 192 ) (320 1216 192 ) 
4 21 101 0 (0 1216 192 ) (0 1344 192 ) (0 1344 128 ) (0 1216 128 ) 
4 21 22 0 (0 1216 128 ) (64 1216 128 ) (192 1216 192 ) (0 1216 192 ) 
4 22 101 0 (0 1024 128 ) (0 1024 192 ) (0 1216 192 ) (0 1216 128 ) 
4 22 36 0 (0 1024 192 ) (0 1024 128 ) (64 1024 128 ) (64 1024 192 ) 
4 22 32 0 (64 1024 128 ) (320 1024 128 ) (320 1024 192 ) (64 1024 192 ) 
4 23 24 0 (960 1088 0 ) (1024 1088 0 ) (1024 1088 64 ) (960 1088 64 ) 
4 24 54 0 (448 1024 0 ) (960 1024 0 ) (960 1024 64 ) (448 1024 64 ) 
4 24 46 0 (960 1024 0 ) (1024 1024 0 ) (1024 1024 64 ) (960 1024 64 ) 
4 24 26 0 (448 1024 64 ) (448 1088 64 ) (448 1088 0 ) (448 1024 0 ) 
4 25 102 0 (0 1344 0 ) (0 1216 0 ) (0 1216 64 ) (0 1344 64 ) 
4 25 27 0 (0 1216 0 ) (64 1216 0 ) (64 1216 64 ) (0 1216 64 ) 
4 25 26 0 (320 1216 0 ) (448 1216 0 ) (448 1216 64 ) (320 1216 64 ) 
4 26 54 0 (320 1024 0 ) (448 1024 0 ) (448 1024 64 ) (320 1024 64 ) 
4 27 103 0 (0 1216 0 ) (0 1024 0 ) (0 1024 64 ) (0 1216 64 ) 
4 27 58 0 (0 1024 64 ) (0 1024 0 ) (64 1024 0 ) (64 1024 64 ) 
4 28 35 0 (64 960 256 ) (64 832 256 ) (64 832 320 ) (64 960 320 ) 
4 29 30 0 (960 1024 192 ) (1024 1024 192 ) (1024 832 192 ) (960 832 192 ) 
4 30 46 0 (960 1024 128 ) (1024 1024 128 ) (1024 832 128 ) (960 832 128 ) 
4 31 34 0 (832 832 192 ) (704 832 192 ) (704 832 128 ) (832 832 128 ) 
4 31 32 0 (448 960 128 ) (448 832 128 ) (448 832 192 ) (448 960 192 ) 
4 32 36 0 (64 1024 192 ) (64 1024 128 ) (64 832 128 ) (64 832 192 ) 
4 33 37 0 (960 576 128 ) (1024 576 128 ) (1024 576 192 ) (960 576 192 ) 
4 33 34 0 (832 704 128 ) (832 576 128 ) (832 576 192 ) (832 704 192 ) 
4 35 107 0 (0 960 256 ) (0 576 256 ) (0 576 320 ) (0 960 320 ) 
4 35 40 0 (0 576 320 ) (0 576 256 ) (64 576 256 ) (64 576 320 ) 
4 36 114 0 (0 1024 192 ) (0 1024 128 ) (0 832 128 ) (0 832 192 ) 
4 37 38 0 (960 320 128 ) (1024 320 128 ) (1024 320 192 ) (960 320 192 ) 
4 38 62 0 (832 0 128 ) (1024 0 128 ) (1024 0 384 ) (832 0 384 ) 
4 38 48 0 (1024 0 128 ) (960 0 128 ) (960 64 128 ) (1024 64 128 ) 
4 38 39 0 (832 64 128 ) (832 0 128 ) (832 0 192 ) (832 64 192 ) 
4 39 72 0 (576 0 128 ) (832 0 128 ) (832 0 192 ) (576 0 192 ) 
4 39 45 0 (576 64 128 ) (576 0 128 ) (576 0 192 ) (576 64 192 ) 
4 40 108 0 (0 0 256 ) (0 0 512 ) (0 576 512 ) (0 576 256 ) 
4 40 65 0 (0 0 512 ) (0 0 256 ) (576 0 256 ) (576 0 512 ) 
4 40 45 0 (576 192 256 ) (576 0 256 ) (192 0 256 ) (192 192 256 ) 
4 40 43 0 (64 192 256 ) (0 192 256 ) (0 384 256 ) (64 384 256 ) 
4 40 42 0 (576 448 256 ) (576 192 256 ) (64 192 256 ) (64 448 256 ) 
4 40 41 0 (128 576 256 ) (576 576 256 ) (576 448 256 ) (128 448 256 ) 
4 41 42 0 (128 448 224 ) (576 448 224 ) (576 448 256 ) (128 448 256 ) 
4 41 44 0 (128 576 224 ) (576 576 224 ) (576 448 224 ) (128 448 224 ) 
4 42 45 0 (576 192 224 ) (576 192 256 ) (192 192 256 ) (192 192 224 ) 
4 42 43 0 (64 384 224 ) (64 192 224 ) (64 192 256 ) (64 384 256 ) 
4 42 44 0 (576 192 224 ) (64 192 224 ) (64 448 224 ) (576 448 224 ) 
4 43 110 0 (0 192 256 ) (0 384 256 ) (0 384 224 ) (0 192 224 ) 
4 43 44 0 (64 192 224 ) (0 192 224 ) (0 384 224 ) (64 384 224 ) 
4 44 117 0 (0 448 128 ) (0 192 128 ) (0 192 192 ) (0 448 192 ) 
4 44 115 0 (0 576 192 ) (0 576 128 ) (0 448 128 ) (0 448 192 ) 
4 44 112 0 (0 576 224 ) (0 576 192 ) (0 192 192 ) (0 192 224 ) 
4 44 52 0 (0 192 128 ) (0 256 128 ) (64 256 128 ) (64 192 128 ) 
4 44 50 0 (256 256 128 ) (576 256 128 ) (576 192 128 ) (256 192 128 ) 
4 44 49 0 (0 256 128 ) (0 576 128 ) (576 576 128 ) (576 256 128 ) 
4 44 45 0 (192 192 128 ) (576 192 128 ) (576 192 224 ) (192 192 224 ) 
4 45 72 0 (192 0 128 ) (576 0 128 ) (576 0 192 ) (192 0 192 ) 
4 45 67 0 (576 0 192 ) (576 0 256 ) (192 0 256 ) (192 0 192 ) 
4 45 50 0 (256 192 128 ) (576 192 128 ) (576 32 128 ) (256 32 128 ) 
4 46 54 0 (960 1024 0 ) (960 960 0 ) (960 960 64 ) (960 1024 64 ) 
4 47 55 0 (960 320 0 ) (960 192 0 ) (960 192 64 ) (960 320 64 ) 
4 48 78 0 (960 0 0 ) (1024 0 32 ) (1024 0 128 ) (960 0 128 ) 
4 48 55 0 (960 64 0 ) (960 0 0 ) (960 0 64 ) (960 64 64 ) 
4 49 123 0 (0 256 128 ) (0 576 128 ) (0 576 64 ) (0 256 64 ) 
4 49 56 0 (576 576 64 ) (576 256 64 ) (64 256 64 ) (64 576 64 ) 
4 49 58 0 (64 256 64 ) (0 256 64 ) (0 576 64 ) (64 576 64 ) 
4 49 52 0 (64 256 128 ) (0 256 128 ) (0 256 96 ) (64 256 96 ) 
4 49 53 0 (0 256 64 ) (192 256 64 ) (192 256 96 ) (0 256 96 ) 
4 49 50 0 (576 256 96 ) (576 256 128 ) (256 256 128 ) (256 256 96 ) 
4 49 51 0 (192 256 64 ) (576 256 64 ) (576 256 96 ) (192 256 96 ) 
4 50 51 0 (256 256 96 ) (576 256 96 ) (576 32 96 ) (256 32 96 ) 
4 51 83 0 (192 0 64 ) (576 0 64 ) (576 0 96 ) (192 0 96 ) 
4 51 57 0 (576 192 64 ) (576 0 64 ) (192 0 64 ) (192 192 64 ) 
4 51 56 0 (576 256 64 ) (576 192 64 ) (192 192 64 ) (192 256 64 ) 
4 51 53 0 (192 256 96 ) (192 256 64 ) (192 192 64 ) (192 192 96 ) 
4 52 124 0 (0 192 128 ) (0 256 128 ) (0 256 96 ) (0 192 96 ) 
4 52 53 0 (64 192 96 ) (0 192 96 ) (0 256 96 ) (64 256 96 ) 
4 53 126 0 (0 256 96 ) (0 256 64 ) (0 192 64 ) (0 192 96 ) 
4 53 56 0 (64 256 64 ) (192 256 64 ) (192 192 64 ) (64 192 64 ) 
4 53 58 0 (0 192 64 ) (0 256 64 ) (64 256 64 ) (64 192 64 ) 
4 55 86 0 (832 0 0 ) (960 0 0 ) (960 0 64 ) (832 0 64 ) 
4 56 60 0 (64 192 0 ) (64 576 0 ) (192 576 0 ) (192 192 0 ) 
4 56 59 0 (192 576 0 ) (576 576 0 ) (576 192 0 ) (192 192 0 ) 
4 56 57 0 (192 192 0 ) (576 192 0 ) (576 192 64 ) (192 192 64 ) 
4 56 58 0 (64 576 0 ) (64 192 0 ) (64 192 64 ) (64 576 64 ) 
4 57 87 0 (192 0 0 ) (576 0 0 ) (576 0 64 ) (192 0 64 ) 
4 57 59 0 (576 0 0 ) (192 0 0 ) (192 192 0 ) (576 192 0 ) 
4 58 128 0 (0 0 0 ) (0 0 64 ) (0 1024 64 ) (0 1024 0 ) 
4 58 90 0 (0 0 64 ) (0 0 0 ) (64 0 0 ) (64 0 64 ) 
4 58 60 0 (32 576 0 ) (64 576 0 ) (64 192 0 ) (32 192 0 ) 
4 59 91 0 (192 0 -1024 ) (576 0 -1024 ) (576 0 0 ) (192 0 0 ) 
4 59 60 0 (192 576 0 ) (192 576 -1024 ) (192 192 -1024 ) (192 192 0 ) 
4 60 61 0 (32 576 -32 ) (32 576 -1024 ) (32 192 -1024 ) (32 192 -32 ) 
4 61 136 0 (0 576 -32 ) (0 576 -1024 ) (0 192 -1024 ) (0 192 -32 ) 
4 62 78 0 (960 0 128 ) (1024 0 128 ) (1024 -64 128 ) (960 -64 128 ) 
4 62 72 0 (832 0 192 ) (832 0 128 ) (832 -64 128 ) (832 -64 192 ) 
4 63 74 0 (832 -576 128 ) (832 -704 128 ) (832 -704 192 ) (832 -576 192 ) 
4 64 94 0 (960 -1024 128 ) (1024 -1024 128 ) (1024 -1024 256 ) (960 -1024 256 ) 
4 64 80 0 (1024 -1024 128 ) (960 -1024 128 ) (960 -832 128 ) (1024 -832 128 ) 
4 65 139 0 (0 0 512 ) (0 0 256 ) (0 -576 256 ) (0 -576 512 ) 
4 65 70 0 (576 -448 256 ) (576 -576 256 ) (128 -576 256 ) (128 -448 256 ) 
4 65 69 0 (0 -384 256 ) (0 -192 256 ) (64 -192 256 ) (64 -384 256 ) 
4 65 68 0 (576 -192 256 ) (576 -448 256 ) (64 -448 256 ) (64 -192 256 ) 
4 65 67 0 (192 0 256 ) (576 0 256 ) (576 -192 256 ) (192 -192 256 ) 
4 65 66 0 (0 -576 320 ) (0 -576 256 ) (64 -576 256 ) (64 -576 320 ) 
4 66 148 0 (0 -960 320 ) (0 -576 320 ) (0 -576 256 ) (0 -960 256 ) 
4 67 75 0 (320 -192 192 ) (192 -192 192 ) (192 -64 192 ) (320 -64 192 ) 
4 67 73 0 (576 -64 192 ) (576 -192 192 ) (320 -192 192 ) (320 -64 192 ) 
4 67 72 0 (192 0 192 ) (576 0 192 ) (576 -64 192 ) (192 -64 192 ) 
4 67 68 0 (576 -192 224 ) (576 -192 256 ) (192 -192 256 ) (192 -192 224 ) 
4 67 71 0 (192 -192 192 ) (576 -192 192 ) (576 -192 224 ) (192 -192 224 ) 
4 68 70 0 (128 -448 224 ) (576 -448 224 ) (576 -448 256 ) (128 -448 256 ) 
4 68 69 0 (64 -192 256 ) (64 -192 224 ) (64 -384 224 ) (64 -384 256 ) 
4 68 71 0 (64 -192 224 ) (576 -192 224 ) (576 -448 224 ) (64 -448 224 ) 
4 69 141 0 (0 -384 256 ) (0 -192 256 ) (0 -192 224 ) (0 -384 224 ) 
4 69 71 0 (0 -192 224 ) (64 -192 224 ) (64 -384 224 ) (0 -384 224 ) 
4 70 71 0 (576 -448 224 ) (576 -576 224 ) (128 -576 224 ) (128 -448 224 ) 
4 71 144 0 (0 -192 224 ) (0 -192 192 ) (0 -576 192 ) (0 -576 224 ) 
4 71 76 0 (320 -576 192 ) (0 -576 192 ) (0 -192 192 ) (320 -192 192 ) 
4 71 74 0 (576 -448 192 ) (576 -576 192 ) (320 -576 192 ) (320 -448 192 ) 
4 71 73 0 (576 -192 192 ) (576 -448 192 ) (320 -448 192 ) (320 -192 192 ) 
4 72 81 0 (576 -32 128 ) (576 -64 128 ) (256 -64 128 ) (256 -32 128 ) 
4 72 75 0 (192 -64 128 ) (320 -64 128 ) (320 -64 192 ) (192 -64 192 ) 
4 72 73 0 (320 -64 128 ) (576 -64 128 ) (576 -64 192 ) (320 -64 192 ) 
4 73 85 0 (320 -448 128 ) (320 -256 128 ) (576 -256 128 ) (576 -448 128 ) 
4 73 81 0 (320 -256 128 ) (320 -64 128 ) (576 -64 128 ) (576 -256 128 ) 
4 73 76 0 (320 -192 128 ) (320 -448 128 ) (320 -448 192 ) (320 -192 192 ) 
4 73 75 0 (320 -64 192 ) (320 -64 128 ) (320 -192 128 ) (320 -192 192 ) 
4 73 74 0 (320 -448 192 ) (320 -448 128 ) (576 -448 128 ) (576 -448 192 ) 
4 74 85 0 (320 -576 128 ) (320 -448 128 ) (576 -448 128 ) (576 -576 128 ) 
4 74 76 0 (320 -448 128 ) (320 -576 128 ) (320 -576 192 ) (320 -448 192 ) 
4 75 81 0 (256 -64 128 ) (320 -64 128 ) (320 -192 128 ) (256 -192 128 ) 
4 75 76 0 (192 -192 128 ) (320 -192 128 ) (320 -192 192 ) (192 -192 192 ) 
4 76 144 0 (0 -576 192 ) (0 -192 192 ) (0 -192 128 ) (0 -576 128 ) 
4 76 85 0 (0 -576 128 ) (0 -256 128 ) (320 -256 128 ) (320 -576 128 ) 
4 76 82 0 (0 -256 128 ) (0 -192 128 ) (64 -192 128 ) (64 -256 128 ) 
4 76 81 0 (256 -192 128 ) (320 -192 128 ) (320 -256 128 ) (256 -256 128 ) 
4 77 149 0 (0 -1024 128 ) (0 -1024 192 ) (0 -832 192 ) (0 -832 128 ) 
4 77 95 0 (0 -1024 192 ) (0 -1024 128 ) (64 -1024 128 ) (64 -1024 192 ) 
4 78 86 0 (960 0 0 ) (960 -64 0 ) (960 -64 64 ) (960 0 64 ) 
4 79 86 0 (960 -192 0 ) (960 -320 0 ) (960 -320 64 ) (960 -192 64 ) 
4 80 96 0 (960 -1024 0 ) (1024 -1024 0 ) (1024 -1024 64 ) (960 -1024 64 ) 
4 80 94 0 (1024 -1024 64 ) (1024 -1024 128 ) (960 -1024 128 ) (960 -1024 64 ) 
4 80 89 0 (960 -960 0 ) (960 -1024 0 ) (960 -1024 64 ) (960 -960 64 ) 
4 81 85 0 (576 -256 96 ) (576 -256 128 ) (256 -256 128 ) (256 -256 96 ) 
4 81 83 0 (576 -32 96 ) (576 -192 96 ) (256 -192 96 ) (256 -32 96 ) 
4 81 84 0 (576 -192 96 ) (576 -256 96 ) (256 -256 96 ) (256 -192 96 ) 
4 82 157 0 (0 -256 128 ) (0 -192 128 ) (0 -192 96 ) (0 -256 96 ) 
4 82 85 0 (64 -256 128 ) (0 -256 128 ) (0 -256 96 ) (64 -256 96 ) 
4 82 84 0 (64 -256 96 ) (0 -256 96 ) (0 -192 96 ) (64 -192 96 ) 
4 83 87 0 (192 0 64 ) (576 0 64 ) (576 -192 64 ) (192 -192 64 ) 
4 83 84 0 (192 -192 64 ) (576 -192 64 ) (576 -192 96 ) (192 -192 96 ) 
4 84 158 0 (0 -192 64 ) (0 -256 64 ) (0 -256 96 ) (0 -192 96 ) 
4 84 88 0 (576 -192 64 ) (576 -256 64 ) (64 -256 64 ) (64 -192 64 ) 
4 84 90 0 (64 -256 64 ) (0 -256 64 ) (0 -192 64 ) (64 -192 64 ) 
4 84 85 0 (0 -256 64 ) (576 -256 64 ) (576 -256 96 ) (0 -256 96 ) 
4 85 161 0 (0 -576 128 ) (0 -256 128 ) (0 -256 64 ) (0 -576 64 ) 
4 85 88 0 (64 -256 64 ) (576 -256 64 ) (576 -576 64 ) (64 -576 64 ) 
4 85 90 0 (0 -576 64 ) (0 -256 64 ) (64 -256 64 ) (64 -576 64 ) 
4 87 91 0 (192 0 0 ) (576 0 0 ) (576 -192 0 ) (192 -192 0 ) 
4 87 88 0 (192 -192 0 ) (576 -192 0 ) (576 -192 64 ) (192 -192 64 ) 
4 88 92 0 (64 -576 0 ) (64 -192 0 ) (192 -192 0 ) (192 -576 0 ) 
4 88 91 0 (192 -192 0 ) (576 -192 0 ) (576 -576 0 ) (192 -576 0 ) 
4 88 90 0 (64 -192 0 ) (64 -576 0 ) (64 -576 64 ) (64 -192 64 ) 
4 89 98 0 (320 -1024 0 ) (448 -1024 0 ) (448 -1024 64 ) (320 -1024 64 ) 
4 89 96 0 (448 -1024 0 ) (960 -1024 0 ) (960 -1024 64 ) (448 -1024 64 ) 
4 90 162 0 (0 -1024 0 ) (0 -1024 64 ) (0 0 64 ) (0 0 0 ) 
4 90 99 0 (0 -1024 64 ) (0 -1024 0 ) (64 -1024 0 ) (64 -1024 64 ) 
4 90 92 0 (32 -192 0 ) (64 -192 0 ) (64 -576 0 ) (32 -576 0 ) 
4 91 92 0 (192 -192 -1024 ) (192 -576 -1024 ) (192 -576 0 ) (192 -192 0 ) 
4 92 93 0 (32 -192 -32 ) (32 -192 -1024 ) (32 -576 -1024 ) (32 -576 -32 ) 
4 93 170 0 (0 -192 -32 ) (0 -192 -1024 ) (0 -576 -1024 ) (0 -576 -32 ) 
4 94 97 0 (1024 -1344 64 ) (960 -1344 64 ) (960 -1088 64 ) (1024 -1088 64 ) 
4 94 96 0 (960 -1088 64 ) (960 -1024 64 ) (1024 -1024 64 ) (1024 -1088 64 ) 
4 95 176 0 (0 -1216 128 ) (0 -1344 128 ) (0 -1344 192 ) (0 -1216 192 ) 
4 95 175 0 (0 -1024 192 ) (0 -1024 128 ) (0 -1216 128 ) (0 -1216 192 ) 
4 96 98 0 (448 -1024 0 ) (448 -1088 0 ) (448 -1088 64 ) (448 -1024 64 ) 
4 96 97 0 (960 -1088 0 ) (1024 -1088 0 ) (1024 -1088 64 ) (960 -1088 64 ) 
4 98 100 0 (320 -1216 0 ) (448 -1216 0 ) (448 -1216 64 ) (320 -1216 64 ) 
4 99 178 0 (0 -1024 64 ) (0 -1024 0 ) (0 -1216 0 ) (0 -1216 64 ) 
4 99 100 0 (0 -1216 0 ) (64 -1216 0 ) (64 -1216 64 ) (0 -1216 64 ) 
4 100 180 0 (0 -1216 0 ) (0 -1344 0 ) (0 -1344 64 ) (0 -1216 64 ) 
4 101 114 0 (0 1024 128 ) (0 1024 192 ) (-64 1024 192 ) (-64 1024 128 ) 
4 102 103 0 (-64 1216 0 ) (0 1216 0 ) (0 1216 64 ) (-64 1216 64 ) 
4 102 104 0 (-448 1216 64 ) (-448 1216 0 ) (-320 1216 0 ) (-320 1216 64 ) 
4 103 128 0 (-64 1024 0 ) (0 1024 0 ) (0 1024 64 ) (-64 1024 64 ) 
4 104 129 0 (-448 1024 0 ) (-320 1024 0 ) (-320 1024 64 ) (-448 1024 64 ) 
4 104 105 0 (-448 1088 0 ) (-448 1024 0 ) (-448 1024 64 ) (-448 1088 64 ) 
4 105 129 0 (-960 1024 0 ) (-448 1024 0 ) (-448 1024 64 ) (-960 1024 64 ) 
4 105 106 0 (-960 1088 0 ) (-960 1024 0 ) (-960 1024 64 ) (-960 1088 64 ) 
4 106 183 0 (-1024 1024 0 ) (-1024 1024 256 ) (-1024 1344 256 ) (-1024 1344 0 ) 
4 106 133 0 (-1024 1024 128 ) (-1024 1024 0 ) (-960 1024 0 ) (-960 1024 128 ) 
4 106 120 0 (-1024 1024 256 ) (-1024 1024 128 ) (-960 1024 128 ) (-960 1024 256 ) 
4 107 108 0 (-64 576 256 ) (0 576 256 ) (0 576 320 ) (-64 576 320 ) 
4 108 139 0 (0 0 256 ) (0 0 512 ) (-576 0 512 ) (-576 0 256 ) 
4 108 113 0 (-192 0 256 ) (-576 0 256 ) (-576 192 256 ) (-192 192 256 ) 
4 108 110 0 (0 384 256 ) (0 192 256 ) (-64 192 256 ) (-64 384 256 ) 
4 108 111 0 (-576 192 256 ) (-576 448 256 ) (-64 448 256 ) (-64 192 256 ) 
4 108 109 0 (-576 448 256 ) (-576 576 256 ) (-128 576 256 ) (-128 448 256 ) 
4 109 111 0 (-576 448 256 ) (-576 448 224 ) (-128 448 224 ) (-128 448 256 ) 
4 109 112 0 (-576 448 224 ) (-576 576 224 ) (-128 576 224 ) (-128 448 224 ) 
4 110 111 0 (-64 384 224 ) (-64 192 224 ) (-64 192 256 ) (-64 384 256 ) 
4 110 112 0 (0 192 224 ) (-64 192 224 ) (-64 384 224 ) (0 384 224 ) 
4 111 113 0 (-576 192 256 ) (-576 192 224 ) (-192 192 224 ) (-192 192 256 ) 
4 111 112 0 (-64 192 224 ) (-576 192 224 ) (-576 448 224 ) (-64 448 224 ) 
4 112 117 0 (-192 448 192 ) (0 448 192 ) (0 192 192 ) (-192 192 192 ) 
4 112 118 0 (-576 192 192 ) (-576 448 192 ) (-192 448 192 ) (-192 192 192 ) 
4 112 115 0 (-320 576 192 ) (0 576 192 ) (0 448 192 ) (-320 448 192 ) 
4 112 116 0 (-576 448 192 ) (-576 576 192 ) (-320 576 192 ) (-320 448 192 ) 
4 112 113 0 (-576 192 224 ) (-576 192 192 ) (-192 192 192 ) (-192 192 224 ) 
4 113 140 0 (-192 0 256 ) (-576 0 256 ) (-576 0 192 ) (-192 0 192 ) 
4 113 119 0 (-192 0 192 ) (-576 0 192 ) (-576 64 192 ) (-192 64 192 ) 
4 113 118 0 (-576 64 192 ) (-576 192 192 ) (-192 192 192 ) (-192 64 192 ) 
4 115 123 0 (0 576 128 ) (0 448 128 ) (-320 448 128 ) (-320 576 128 ) 
4 115 117 0 (0 448 192 ) (-192 448 192 ) (-192 448 128 ) (0 448 128 ) 
4 115 118 0 (-192 448 192 ) (-320 448 192 ) (-320 448 128 ) (-192 448 128 ) 
4 115 116 0 (-320 576 128 ) (-320 448 128 ) (-320 448 192 ) (-320 576 192 ) 
4 116 123 0 (-320 576 128 ) (-320 448 128 ) (-576 448 128 ) (-576 576 128 ) 
4 116 121 0 (-832 704 128 ) (-832 576 128 ) (-832 576 192 ) (-832 704 192 ) 
4 116 118 0 (-320 448 192 ) (-576 448 192 ) (-576 448 128 ) (-320 448 128 ) 
4 117 124 0 (0 256 128 ) (0 192 128 ) (-64 192 128 ) (-64 256 128 ) 
4 117 123 0 (-192 448 128 ) (0 448 128 ) (0 256 128 ) (-192 256 128 ) 
4 117 118 0 (-192 448 192 ) (-192 448 128 ) (-192 192 128 ) (-192 192 192 ) 
4 118 125 0 (-256 64 128 ) (-576 64 128 ) (-576 256 128 ) (-256 256 128 ) 
4 118 123 0 (-576 448 128 ) (-192 448 128 ) (-192 256 128 ) (-576 256 128 ) 
4 118 119 0 (-192 64 192 ) (-576 64 192 ) (-576 64 128 ) (-192 64 128 ) 
4 119 145 0 (-832 0 128 ) (-576 0 128 ) (-576 0 192 ) (-832 0 192 ) 
4 119 140 0 (-576 0 128 ) (-192 0 128 ) (-192 0 192 ) (-576 0 192 ) 
4 119 125 0 (-576 32 128 ) (-576 64 128 ) (-256 64 128 ) (-256 32 128 ) 
4 119 122 0 (-832 64 128 ) (-832 0 128 ) (-832 0 192 ) (-832 64 192 ) 
4 120 184 0 (-1024 1024 256 ) (-1024 1024 128 ) (-1024 832 128 ) (-1024 832 256 ) 
4 120 133 0 (-1024 832 128 ) (-1024 1024 128 ) (-960 1024 128 ) (-960 832 128 ) 
4 121 185 0 (-1024 704 128 ) (-1024 576 128 ) (-1024 576 192 ) (-1024 704 192 ) 
4 122 188 0 (-1024 0 128 ) (-1024 0 384 ) (-1024 320 384 ) (-1024 320 128 ) 
4 122 146 0 (-1024 0 384 ) (-1024 0 128 ) (-832 0 128 ) (-832 0 384 ) 
4 122 135 0 (-960 0 128 ) (-1024 0 128 ) (-1024 64 128 ) (-960 64 128 ) 
4 123 130 0 (-64 256 64 ) (-576 256 64 ) (-576 576 64 ) (-64 576 64 ) 
4 123 128 0 (0 576 64 ) (0 256 64 ) (-64 256 64 ) (-64 576 64 ) 
4 123 126 0 (-576 256 64 ) (0 256 64 ) (0 256 96 ) (-576 256 96 ) 
4 123 125 0 (-256 256 128 ) (-576 256 128 ) (-576 256 96 ) (-256 256 96 ) 
4 123 124 0 (0 256 96 ) (0 256 128 ) (-64 256 128 ) (-64 256 96 ) 
4 124 126 0 (-64 256 96 ) (0 256 96 ) (0 192 96 ) (-64 192 96 ) 
4 125 127 0 (-576 32 96 ) (-576 192 96 ) (-256 192 96 ) (-256 32 96 ) 
4 125 126 0 (-576 192 96 ) (-576 256 96 ) (-256 256 96 ) (-256 192 96 ) 
4 126 130 0 (-576 192 64 ) (-576 256 64 ) (-64 256 64 ) (-64 192 64 ) 
4 126 128 0 (-64 256 64 ) (0 256 64 ) (0 192 64 ) (-64 192 64 ) 
4 126 127 0 (-192 192 96 ) (-576 192 96 ) (-576 192 64 ) (-192 192 64 ) 
4 127 160 0 (-192 0 96 ) (-576 0 96 ) (-576 0 64 ) (-192 0 64 ) 
4 127 131 0 (-192 0 64 ) (-576 0 64 ) (-576 192 64 ) (-192 192 64 ) 
4 128 162 0 (-64 0 0 ) (0 0 0 ) (0 0 64 ) (-64 0 64 ) 
4 128 137 0 (-64 192 0 ) (-64 576 0 ) (-32 576 0 ) (-32 192 0 ) 
4 128 130 0 (-64 576 0 ) (-64 192 0 ) (-64 192 64 ) (-64 576 64 ) 
4 129 133 0 (-960 1024 0 ) (-960 960 0 ) (-960 960 64 ) (-960 1024 64 ) 
4 130 137 0 (-192 576 0 ) (-64 576 0 ) (-64 192 0 ) (-192 192 0 ) 
4 130 138 0 (-576 192 0 ) (-576 576 0 ) (-192 576 0 ) (-192 192 0 ) 
4 130 131 0 (-576 192 64 ) (-576 192 0 ) (-192 192 0 ) (-192 192 64 ) 
4 131 163 0 (-576 0 0 ) (-192 0 0 ) (-192 0 64 ) (-576 0 64 ) 
4 131 138 0 (-192 0 0 ) (-576 0 0 ) (-576 192 0 ) (-192 192 0 ) 
4 132 165 0 (-960 0 0 ) (-832 0 0 ) (-832 0 64 ) (-960 0 64 ) 
4 132 135 0 (-960 64 0 ) (-960 0 0 ) (-960 0 64 ) (-960 64 64 ) 
4 132 134 0 (-960 320 0 ) (-960 192 0 ) (-960 192 64 ) (-960 320 64 ) 
4 133 184 0 (-1024 832 128 ) (-1024 1024 128 ) (-1024 1024 0 ) (-1024 832 0 ) 
4 134 189 0 (-1024 320 0 ) (-1024 192 0 ) (-1024 192 64 ) (-1024 320 64 ) 
4 135 190 0 (-1024 0 32 ) (-1024 0 128 ) (-1024 64 128 ) (-1024 64 32 ) 
4 135 167 0 (-1024 0 128 ) (-1024 0 32 ) (-960 0 0 ) (-960 0 128 ) 
4 136 137 0 (-32 576 -32 ) (-32 576 -1024 ) (-32 192 -1024 ) (-32 192 -32 ) 
4 137 138 0 (-192 576 0 ) (-192 576 -1024 ) (-192 192 -1024 ) (-192 192 0 ) 
4 138 172 0 (-576 0 -1024 ) (-192 0 -1024 ) (-192 0 0 ) (-576 0 0 ) 
4 139 148 0 (0 -576 256 ) (0 -576 320 ) (-64 -576 320 ) (-64 -576 256 ) 
4 139 143 0 (-128 -576 256 ) (-576 -576 256 ) (-576 -448 256 ) (-128 -448 256 ) 
4 139 141 0 (-64 -192 256 ) (0 -192 256 ) (0 -384 256 ) (-64 -384 256 ) 
4 139 142 0 (-576 -448 256 ) (-576 -192 256 ) (-64 -192 256 ) (-64 -448 256 ) 
4 139 140 0 (-576 -192 256 ) (-576 0 256 ) (-192 0 256 ) (-192 -192 256 ) 
4 140 159 0 (-256 -192 128 ) (-576 -192 128 ) (-576 -32 128 ) (-256 -32 128 ) 
4 140 145 0 (-576 0 192 ) (-576 0 128 ) (-576 -64 128 ) (-576 -64 192 ) 
4 140 142 0 (-192 -192 256 ) (-576 -192 256 ) (-576 -192 224 ) (-192 -192 224 ) 
4 140 144 0 (-576 -192 224 ) (-576 -192 128 ) (-192 -192 128 ) (-192 -192 224 ) 
4 141 142 0 (-64 -192 256 ) (-64 -192 224 ) (-64 -384 224 ) (-64 -384 256 ) 
4 141 144 0 (-64 -192 224 ) (0 -192 224 ) (0 -384 224 ) (-64 -384 224 ) 
4 142 143 0 (-576 -448 224 ) (-128 -448 224 ) (-128 -448 256 ) (-576 -448 256 ) 
4 142 144 0 (-576 -448 224 ) (-576 -192 224 ) (-64 -192 224 ) (-64 -448 224 ) 
4 143 144 0 (-128 -576 224 ) (-576 -576 224 ) (-576 -448 224 ) (-128 -448 224 ) 
4 144 161 0 (0 -256 128 ) (0 -576 128 ) (-576 -576 128 ) (-576 -256 128 ) 
4 144 159 0 (-256 -256 128 ) (-576 -256 128 ) (-576 -192 128 ) (-256 -192 128 ) 
4 144 157 0 (0 -192 128 ) (0 -256 128 ) (-64 -256 128 ) (-64 -192 128 ) 
4 145 146 0 (-832 0 192 ) (-832 0 128 ) (-832 -64 128 ) (-832 -64 192 ) 
4 146 192 0 (-1024 0 384 ) (-1024 0 128 ) (-1024 -320 128 ) (-1024 -320 384 ) 
4 146 167 0 (-1024 -64 128 ) (-1024 0 128 ) (-960 0 128 ) (-960 -64 128 ) 
4 146 147 0 (-1024 -320 192 ) (-1024 -320 128 ) (-960 -320 128 ) (-960 -320 192 ) 
4 147 196 0 (-1024 -320 192 ) (-1024 -320 128 ) (-1024 -576 128 ) (-1024 -576 192 ) 
4 147 153 0 (-1024 -576 192 ) (-1024 -576 128 ) (-960 -576 128 ) (-960 -576 192 ) 
4 148 150 0 (-64 -832 256 ) (-64 -960 256 ) (-64 -960 320 ) (-64 -832 320 ) 
4 149 175 0 (-64 -1024 128 ) (0 -1024 128 ) (0 -1024 192 ) (-64 -1024 192 ) 
4 149 154 0 (-64 -832 128 ) (-64 -1024 128 ) (-64 -1024 192 ) (-64 -832 192 ) 
4 150 173 0 (-448 -1024 256 ) (-64 -1024 256 ) (-64 -1024 384 ) (-448 -1024 384 ) 
4 151 198 0 (-1024 -1024 192 ) (-1024 -1024 256 ) (-1024 -832 256 ) (-1024 -832 192 ) 
4 151 182 0 (-1024 -1024 256 ) (-1024 -1024 192 ) (-960 -1024 192 ) (-960 -1024 256 ) 
4 151 156 0 (-960 -1024 192 ) (-1024 -1024 192 ) (-1024 -832 192 ) (-960 -832 192 ) 
4 152 155 0 (-832 -832 128 ) (-704 -832 128 ) (-704 -832 192 ) (-832 -832 192 ) 
4 152 153 0 (-832 -704 192 ) (-832 -576 192 ) (-832 -576 128 ) (-832 -704 128 ) 
4 153 196 0 (-1024 -704 192 ) (-1024 -576 192 ) (-1024 -576 128 ) (-1024 -704 128 ) 
4 154 175 0 (-320 -1024 128 ) (-64 -1024 128 ) (-64 -1024 192 ) (-320 -1024 192 ) 
4 154 177 0 (-448 -1024 128 ) (-320 -1024 128 ) (-320 -1024 192 ) (-448 -1024 192 ) 
4 154 155 0 (-448 -832 192 ) (-448 -832 128 ) (-448 -960 128 ) (-448 -960 192 ) 
4 156 198 0 (-1024 -1024 128 ) (-1024 -1024 192 ) (-1024 -832 192 ) (-1024 -832 128 ) 
4 156 182 0 (-1024 -1024 192 ) (-1024 -1024 128 ) (-960 -1024 128 ) (-960 -1024 192 ) 
4 156 169 0 (-960 -1024 128 ) (-1024 -1024 128 ) (-1024 -832 128 ) (-960 -832 128 ) 
4 157 161 0 (0 -256 96 ) (0 -256 128 ) (-64 -256 128 ) (-64 -256 96 ) 
4 157 158 0 (0 -256 96 ) (-64 -256 96 ) (-64 -192 96 ) (0 -192 96 ) 
4 158 164 0 (-64 -256 64 ) (-192 -256 64 ) (-192 -192 64 ) (-64 -192 64 ) 
4 158 162 0 (0 -192 64 ) (0 -256 64 ) (-64 -256 64 ) (-64 -192 64 ) 
4 158 161 0 (-192 -256 64 ) (0 -256 64 ) (0 -256 96 ) (-192 -256 96 ) 
4 158 160 0 (-192 -192 64 ) (-192 -256 64 ) (-192 -256 96 ) (-192 -192 96 ) 
4 159 161 0 (-576 -256 128 ) (-576 -256 96 ) (-256 -256 96 ) (-256 -256 128 ) 
4 159 160 0 (-256 -256 96 ) (-576 -256 96 ) (-576 -32 96 ) (-256 -32 96 ) 
4 160 164 0 (-576 -256 64 ) (-576 -192 64 ) (-192 -192 64 ) (-192 -256 64 ) 
4 160 163 0 (-576 -192 64 ) (-576 0 64 ) (-192 0 64 ) (-192 -192 64 ) 
4 160 161 0 (-576 -256 96 ) (-576 -256 64 ) (-192 -256 64 ) (-192 -256 96 ) 
4 161 164 0 (-576 -576 64 ) (-576 -256 64 ) (-64 -256 64 ) (-64 -576 64 ) 
4 161 162 0 (-64 -256 64 ) (0 -256 64 ) (0 -576 64 ) (-64 -576 64 ) 
4 162 178 0 (-64 -1024 0 ) (0 -1024 0 ) (0 -1024 64 ) (-64 -1024 64 ) 
4 162 171 0 (-64 -576 0 ) (-64 -192 0 ) (-32 -192 0 ) (-32 -576 0 ) 
4 162 164 0 (-64 -192 0 ) (-64 -576 0 ) (-64 -576 64 ) (-64 -192 64 ) 
4 163 172 0 (-576 0 0 ) (-192 0 0 ) (-192 -192 0 ) (-576 -192 0 ) 
4 163 164 0 (-576 -192 64 ) (-576 -192 0 ) (-192 -192 0 ) (-192 -192 64 ) 
4 164 172 0 (-192 -576 0 ) (-576 -576 0 ) (-576 -192 0 ) (-192 -192 0 ) 
4 164 171 0 (-64 -192 0 ) (-64 -576 0 ) (-192 -576 0 ) (-192 -192 0 ) 
4 165 168 0 (-960 -192 0 ) (-960 -320 0 ) (-960 -320 64 ) (-960 -192 64 ) 
4 165 167 0 (-960 0 0 ) (-960 -64 0 ) (-960 -64 64 ) (-960 0 64 ) 
4 166 181 0 (-960 -1024 0 ) (-448 -1024 0 ) (-448 -1024 64 ) (-960 -1024 64 ) 
4 166 179 0 (-448 -1024 0 ) (-320 -1024 0 ) (-320 -1024 64 ) (-448 -1024 64 ) 
4 166 169 0 (-960 -960 0 ) (-960 -1024 0 ) (-960 -1024 64 ) (-960 -960 64 ) 
4 167 193 0 (-1024 -64 128 ) (-1024 0 128 ) (-1024 0 32 ) (-1024 -64 32 ) 
4 168 195 0 (-1024 -192 64 ) (-1024 -192 0 ) (-1024 -320 0 ) (-1024 -320 64 ) 
4 169 198 0 (-1024 -1024 0 ) (-1024 -1024 128 ) (-1024 -832 128 ) (-1024 -832 0 ) 
4 169 182 0 (-1024 -1024 128 ) (-1024 -1024 0 ) (-960 -1024 0 ) (-960 -1024 128 ) 
4 170 171 0 (-32 -192 -32 ) (-32 -192 -1024 ) (-32 -576 -1024 ) (-32 -576 -32 ) 
4 171 172 0 (-192 -192 -1024 ) (-192 -576 -1024 ) (-192 -576 0 ) (-192 -192 0 ) 
4 173 174 0 (-320 -1216 256 ) (-64 -1216 256 ) (-64 -1344 256 ) (-320 -1344 256 ) 
4 174 176 0 (-64 -1344 192 ) (-192 -1344 192 ) (-192 -1216 192 ) (-64 -1216 192 ) 
4 175 176 0 (-64 -1216 128 ) (0 -1216 128 ) (0 -1216 192 ) (-192 -1216 192 ) 
4 175 177 0 (-320 -1024 128 ) (-320 -1216 128 ) (-320 -1216 192 ) (-320 -1024 192 ) 
4 178 180 0 (0 -1216 64 ) (-64 -1216 64 ) (-64 -1216 0 ) (0 -1216 0 ) 
4 179 181 0 (-448 -1024 64 ) (-448 -1024 0 ) (-448 -1088 0 ) (-448 -1088 64 ) 
4 179 180 0 (-320 -1216 64 ) (-448 -1216 64 ) (-448 -1216 0 ) (-320 -1216 0 ) 
4 181 182 0 (-960 -1024 64 ) (-960 -1024 0 ) (-960 -1088 0 ) (-960 -1088 64 ) 
4 182 199 0 (-1024 -1024 256 ) (-1024 -1024 0 ) (-1024 -1344 0 ) (-1024 -1344 256 ) 
4 183 184 0 (-1472 1024 0 ) (-1024 1024 0 ) (-1024 1024 256 ) (-1472 1024 256 ) 
4 184 187 0 (-1216 832 0 ) (-1088 832 0 ) (-1088 832 64 ) (-1216 832 64 ) 
4 185 186 0 (-1344 704 128 ) (-1344 576 128 ) (-1344 576 192 ) (-1344 704 192 ) 
4 186 188 0 (-1344 320 192 ) (-1472 320 192 ) (-1472 320 128 ) (-1344 320 128 ) 
4 187 189 0 (-1216 320 0 ) (-1088 320 0 ) (-1088 320 64 ) (-1216 320 64 ) 
4 188 192 0 (-1024 0 128 ) (-1024 0 384 ) (-1600 0 384 ) (-1600 0 128 ) 
4 188 190 0 (-1024 0 128 ) (-1216 0 128 ) (-1216 64 128 ) (-1024 64 128 ) 
4 189 191 0 (-1472 192 0 ) (-1344 192 0 ) (-1344 192 64 ) (-1472 192 64 ) 
3 190 193 0 (-1024 0 32 ) (-1024 0 128 ) (-1216 0 128 ) 
4 191 194 0 (-1472 0 64 ) (-1472 0 0 ) (-1344 0 0 ) (-1344 0 64 ) 
4 192 196 0 (-1024 -320 128 ) (-1024 -320 192 ) (-1088 -320 192 ) (-1088 -320 128 ) 
4 192 193 0 (-1216 0 128 ) (-1024 0 128 ) (-1024 -64 128 ) (-1216 -64 128 ) 
4 194 195 0 (-1472 -192 64 ) (-1472 -192 0 ) (-1344 -192 0 ) (-1344 -192 64 ) 
4 195 197 0 (-1216 -320 0 ) (-1088 -320 0 ) (-1088 -320 64 ) (-1216 -320 64 ) 
4 197 198 0 (-1216 -832 0 ) (-1088 -832 0 ) (-1088 -832 64 ) (-1216 -832 64 ) 
4 198 199 0 (-1472 -1024 0 ) (-1024 -1024 0 ) (-1024 -1024 256 ) (-1472 -1024 256 ) 
4 0 (1024 1344 256 ) (1024 1024 256 ) (1472 1024 256 ) (1472 1344 256 ) 
4 0 (1472 1024 0 ) (1024 1024 0 ) (1024 1344 0 ) (1472 1344 0 ) 
4 0 (1472 1344 256 ) (1472 1024 256 ) (1472 1024 0 ) (1472 1344 0 ) 
4 0 (1024 1344 256 ) (1472 1344 256 ) (1472 1344 0 ) (1024 1344 0 ) 
4 1 (1024 832 256 ) (1024 832 128 ) (1088 832 128 ) (1088 832 256 ) 
4 1 (1024 832 128 ) (1024 832 0 ) (1088 832 0 ) (1088 832 128 ) 
4 1 (1216 832 64 ) (1216 832 256 ) (1088 832 256 ) (1088 832 64 ) 
4 1 (1216 832 0 ) (1472 832 0 ) (1472 832 256 ) (1216 832 256 ) 
4 1 (1472 832 256 ) (1472 832 0 ) (1472 1024 0 ) (1472 1024 256 ) 
4 1 (1024 832 0 ) (1024 1024 0 ) (1472 1024 0 ) (1472 832 0 ) 
4 1 (1024 832 256 ) (1472 832 256 ) (1472 1024 256 ) (1024 1024 256 ) 
4 2 (1088 832 64 ) (1088 832 0 ) (1088 320 0 ) (1088 320 64 ) 
4 2 (1216 320 64 ) (1216 320 0 ) (1216 832 0 ) (1216 832 64 ) 
4 2 (1088 832 0 ) (1216 832 0 ) (1216 320 0 ) (1088 320 0 ) 
4 2 (1216 320 64 ) (1216 832 64 ) (1088 832 64 ) (1088 320 64 ) 
4 3 (1088 704 192 ) (1088 704 128 ) (1024 704 128 ) (1024 704 192 ) 
4 3 (1088 704 192 ) (1088 320 192 ) (1088 320 128 ) (1088 704 128 ) 
4 3 (1088 704 128 ) (1088 320 128 ) (1024 320 128 ) (1024 704 128 ) 
4 3 (1024 320 192 ) (1088 320 192 ) (1088 704 192 ) (1024 704 192 ) 
4 4 (1344 0 128 ) (1216 0 128 ) (1216 64 128 ) (1344 64 128 ) 
4 4 (1024 64 128 ) (1024 192 128 ) (1344 192 128 ) (1344 64 128 ) 
4 4 (1472 0 128 ) (1344 0 128 ) (1344 192 128 ) (1472 192 128 ) 
4 4 (1600 0 128 ) (1472 0 128 ) (1472 192 128 ) (1600 192 128 ) 
4 4 (1024 192 128 ) (1024 320 128 ) (1600 320 128 ) (1600 192 128 ) 
4 4 (1600 0 384 ) (1600 0 128 ) (1600 320 128 ) (1600 320 384 ) 
4 4 (1600 320 384 ) (1600 320 128 ) (1216 320 128 ) (1216 320 384 ) 
4 4 (1088 320 128 ) (1088 320 384 ) (1216 320 384 ) (1216 320 128 ) 
4 4 (1088 320 384 ) (1088 320 192 ) (1024 320 192 ) (1024 320 384 ) 
4 4 (1024 0 384 ) (1600 0 384 ) (1600 320 384 ) (1024 320 384 ) 
4 5 (1024 192 0 ) (1344 192 0 ) (1344 192 64 ) (1024 192 64 ) 
4 5 (1472 320 64 ) (1024 320 64 ) (1024 192 64 ) (1472 192 64 ) 
4 5 (1088 320 64 ) (1088 320 0 ) (1024 320 0 ) (1024 320 64 ) 
4 5 (1216 320 64 ) (1472 320 64 ) (1472 320 0 ) (1216 320 0 ) 
4 5 (1024 192 0 ) (1024 320 0 ) (1472 320 0 ) (1472 192 0 ) 
4 5 (1472 320 0 ) (1472 320 64 ) (1472 192 64 ) (1472 192 0 ) 
4 6 (1344 64 0 ) (1344 0 0 ) (1344 0 64 ) (1344 64 64 ) 
4 6 (1344 192 64 ) (1344 192 0 ) (1344 64 0 ) (1344 64 64 ) 
4 6 (1472 0 0 ) (1344 0 0 ) (1344 192 0 ) (1472 192 0 ) 
4 6 (1472 0 64 ) (1472 0 0 ) (1472 192 0 ) (1472 192 64 ) 
4 6 (1472 0 64 ) (1472 192 64 ) (1344 192 64 ) (1344 0 64 ) 
3 7 (1024 64 32 ) (1024 64 128 ) (1216 64 128 ) 
4 7 (1024 64 32 ) (1216.004395 64 128 ) (1216.004395 0 128 ) (1024 0 32 ) 
4 8 (1024 -320 192 ) (1024 -320 128 ) (1344 -320 128 ) (1344 -320 192 ) 
4 8 (1024 -320 384 ) (1024 -320 192 ) (1472 -320 192 ) (1472 -320 384 ) 
4 8 (1472 -320 128 ) (1600 -320 128 ) (1600 -320 384 ) (1472 -320 384 ) 
4 8 (1472 -320 128 ) (1024 -320 128 ) (1024 -192 128 ) (1472 -192 128 ) 
4 8 (1216 0 128 ) (1344 0 128 ) (1344 -64 128 ) (1216 -64 128 ) 
4 8 (1024 -192 128 ) (1024 -64 128 ) (1344 -64 128 ) (1344 -192 128 ) 
4 8 (1344 0 128 ) (1472 0 128 ) (1472 -192 128 ) (1344 -192 128 ) 
4 8 (1600 -320 128 ) (1472 -320 128 ) (1472 0 128 ) (1600 0 128 ) 
4 8 (1600 0 384 ) (1024 0 384 ) (1024 -320 384 ) (1600 -320 384 ) 
4 8 (1600 0 384 ) (1600 -320 384 ) (1600 -320 128 ) (1600 0 128 ) 
4 9 (1344 0 0 ) (1344 -64 0 ) (1344 -64 64 ) (1344 0 64 ) 
4 9 (1344 -64 0 ) (1344 -192 0 ) (1344 -192 64 ) (1344 -64 64 ) 
4 9 (1472 0 64 ) (1472 -192 64 ) (1472 -192 0 ) (1472 0 0 ) 
4 9 (1344 0 0 ) (1472 0 0 ) (1472 -192 0 ) (1344 -192 0 ) 
4 9 (1472 0 64 ) (1344 0 64 ) (1344 -192 64 ) (1472 -192 64 ) 
3 10 (1216 -64 128 ) (1024 -64 128 ) (1024 -64 32 ) 
4 10 (1215.998779 -64 128 ) (1024 -64 32 ) (1024 0 32 ) (1215.998779 0 128 ) 
4 11 (1024 -320 64 ) (1024 -320 0 ) (1088 -320 0 ) (1088 -320 64 ) 
4 11 (1216 -320 0 ) (1472 -320 0 ) (1472 -320 64 ) (1216 -320 64 ) 
4 11 (1024 -320 0 ) (1024 -192 0 ) (1472 -192 0 ) (1472 -320 0 ) 
4 11 (1472 -192 64 ) (1472 -320 64 ) (1472 -320 0 ) (1472 -192 0 ) 
4 11 (1024 -192 64 ) (1344 -192 64 ) (1344 -192 0 ) (1024 -192 0 ) 
4 11 (1024 -320 64 ) (1472 -320 64 ) (1472 -192 64 ) (1024 -192 64 ) 
4 12 (1344 -704 128 ) (1344 -320 128 ) (1472 -320 128 ) (1472 -704 128 ) 
4 12 (1344 -320 128 ) (1344 -576 128 ) (1344 -576 192 ) (1344 -320 192 ) 
4 12 (1472 -704 192 ) (1472 -704 128 ) (1472 -320 128 ) (1472 -320 192 ) 
4 12 (1344 -704 192 ) (1472 -704 192 ) (1472 -320 192 ) (1344 -320 192 ) 
4 12 (1344 -704 192 ) (1344 -704 128 ) (1472 -704 128 ) (1472 -704 192 ) 
4 13 (1088 -576 128 ) (1216 -576 128 ) (1216 -704 128 ) (1088 -704 128 ) 
4 13 (1024 -704 128 ) (1024 -576 128 ) (1088 -576 128 ) (1088 -704 128 ) 
4 13 (1216 -576 128 ) (1344 -576 128 ) (1344 -704 128 ) (1216 -704 128 ) 
4 13 (1024 -704 128 ) (1344 -704 128 ) (1344 -704 192 ) (1024 -704 192 ) 
4 13 (1024 -576 192 ) (1024 -704 192 ) (1344 -704 192 ) (1344 -576 192 ) 
4 13 (1024 -576 192 ) (1344 -576 192 ) (1344 -576 128 ) (1024 -576 128 ) 
4 14 (1088 -832 0 ) (1088 -832 64 ) (1088 -320 64 ) (1088 -320 0 ) 
4 14 (1088 -320 0 ) (1216 -320 0 ) (1216 -832 0 ) (1088 -832 0 ) 
4 14 (1216 -320 0 ) (1216 -320 64 ) (1216 -832 64 ) (1216 -832 0 ) 
4 14 (1216 -832 64 ) (1216 -320 64 ) (1088 -320 64 ) (1088 -832 64 ) 
4 15 (1472 -832 256 ) (1024 -832 256 ) (1024 -1024 256 ) (1472 -1024 256 ) 
4 15 (1088 -832 64 ) (1088 -832 128 ) (1216 -832 128 ) (1216 -832 64 ) 
4 15 (1088 -832 128 ) (1088 -832 0 ) (1024 -832 0 ) (1024 -832 128 ) 
4 15 (1216 -832 128 ) (1472 -832 128 ) (1472 -832 0 ) (1216 -832 0 ) 
4 15 (1344 -832 192 ) (1344 -832 128 ) (1024 -832 128 ) (1024 -832 192 ) 
4 15 (1344 -832 192 ) (1472 -832 192 ) (1472 -832 128 ) (1344 -832 128 ) 
4 15 (1472 -832 256 ) (1472 -832 192 ) (1024 -832 192 ) (1024 -832 256 ) 
4 15 (1472 -1024 0 ) (1024 -1024 0 ) (1024 -832 0 ) (1472 -832 0 ) 
4 15 (1472 -1024 0 ) (1472 -832 0 ) (1472 -832 256 ) (1472 -1024 256 ) 
4 16 (1472 -1344 256 ) (1472 -1024 256 ) (1024 -1024 256 ) (1024 -1344 256 ) 
4 16 (1024 -1344 0 ) (1024 -1024 0 ) (1472 -1024 0 ) (1472 -1344 0 ) 
4 16 (1472 -1344 256 ) (1472 -1344 0 ) (1472 -1024 0 ) (1472 -1024 256 ) 
4 16 (1024 -1344 0 ) (1472 -1344 0 ) (1472 -1344 256 ) (1024 -1344 256 ) 
4 17 (960 1344 256 ) (960 1344 64 ) (960 1024 64 ) (960 1024 256 ) 
4 17 (960 1344 256 ) (1024 1344 256 ) (1024 1344 64 ) (960 1344 64 ) 
4 17 (1024 1344 256 ) (960 1344 256 ) (960 1024 256 ) (1024 1024 256 ) 
4 18 (320 1344 256 ) (448 1344 256 ) (448 1216 256 ) (320 1216 256 ) 
4 18 (64 1024 256 ) (64 1216 256 ) (448 1216 256 ) (448 1024 256 ) 
4 18 (64 1344 256 ) (64 1344 384 ) (448 1344 384 ) (448 1344 256 ) 
4 18 (448 1024 384 ) (448 1024 256 ) (448 1344 256 ) (448 1344 384 ) 
4 18 (64 1344 384 ) (64 1344 256 ) (64 1024 256 ) (64 1024 384 ) 
4 18 (448 1024 384 ) (448 1344 384 ) (64 1344 384 ) (64 1024 384 ) 
4 19 (320 1216 256 ) (64 1216 256 ) (64 1216 192 ) (192 1216 192 ) 
4 19 (64 1344 256 ) (64 1344 192 ) (64 1216 192 ) (64 1216 256 ) 
4 19 (64 1344 256 ) (320 1344 256 ) (192 1344 192 ) (64 1344 192 ) 
4 19 (320.001343 1216 256 ) (192.001343 1216 192 ) (192.001343 1344 192 ) (320.001343 1344 256 ) 
4 20 (320 1344 128 ) (320 1216 128 ) (320 1216 192 ) (320 1344 192 ) 
4 20 (320 1344 128 ) (448 1344 128 ) (448 1024 128 ) (320 1024 128 ) 
4 20 (320 1216 192 ) (448 1216 192 ) (448 1344 192 ) (320 1344 192 ) 
4 20 (320 1216 192 ) (320 1024 192 ) (448 1024 192 ) (448 1216 192 ) 
4 20 (448 1024 192 ) (448 1024 128 ) (448 1344 128 ) (448 1344 192 ) 
4 20 (320 1344 192 ) (448 1344 192 ) (448 1344 128 ) (320 1344 128 ) 
4 21 (0 1344 128 ) (64 1344 128 ) (64 1216 128 ) (0 1216 128 ) 
4 21 (0 1216 192 ) (64 1216 192 ) (64 1344 192 ) (0 1344 192 ) 
4 21 (192 1344 192 ) (64 1344 128 ) (0 1344 128 ) (0 1344 192 ) 
4 21 (191.998657 1216 192 ) (63.998653 1216 128 ) (63.998653 1344 128 ) (191.998657 1344 192 ) 
4 22 (192 1216 192 ) (320 1216 192 ) (320 1216 128 ) (64 1216 128 ) 
4 22 (0 1216 192 ) (0 1024 192 ) (64 1024 192 ) (64 1216 192 ) 
4 22 (320 1216 192 ) (64 1216 192 ) (64 1024 192 ) (320 1024 192 ) 
4 22 (320 1216 128 ) (320 1024 128 ) (0 1024 128 ) (0 1216 128 ) 
4 23 (960 1344 0 ) (1024 1344 0 ) (1024 1088 0 ) (960 1088 0 ) 
4 23 (960 1344 64 ) (1024 1344 64 ) (1024 1344 0 ) (960 1344 0 ) 
4 23 (960 1088 0 ) (960 1088 64 ) (960 1344 64 ) (960 1344 0 ) 
4 24 (960 1088 64 ) (960 1088 0 ) (448 1088 0 ) (448 1088 64 ) 
4 24 (960 1088 64 ) (448 1088 64 ) (448 1024 64 ) (960 1024 64 ) 
4 24 (1024 1024 0 ) (448 1024 0 ) (448 1088 0 ) (1024 1088 0 ) 
4 25 (64 1216 0 ) (320 1216 0 ) (320 1216 64 ) (64 1216 64 ) 
4 25 (448 1216 64 ) (448 1344 64 ) (0 1344 64 ) (0 1216 64 ) 
4 25 (448 1344 64 ) (448 1344 0 ) (0 1344 0 ) (0 1344 64 ) 
4 25 (0 1216 0 ) (0 1344 0 ) (448 1344 0 ) (448 1216 0 ) 
4 25 (448 1216 0 ) (448 1344 0 ) (448 1344 64 ) (448 1216 64 ) 
4 26 (320 1216 64 ) (320 1216 0 ) (320 1024 0 ) (320 1024 64 ) 
4 26 (448 1088 0 ) (448 1216 0 ) (448 1216 64 ) (448 1088 64 ) 
4 26 (448 1024 0 ) (320 1024 0 ) (320 1216 0 ) (448 1216 0 ) 
4 26 (448 1216 64 ) (320 1216 64 ) (320 1024 64 ) (448 1024 64 ) 
4 27 (64 1216 64 ) (0 1216 64 ) (0 1024 64 ) (64 1024 64 ) 
4 27 (64 1024 0 ) (0 1024 0 ) (0 1216 0 ) (64 1216 0 ) 
4 27 (64 1024 64 ) (64 1024 0 ) (64 1216 0 ) (64 1216 64 ) 
4 28 (64 1024 320 ) (64 1024 256 ) (64 960 256 ) (64 960 320 ) 
4 28 (64 1024 384 ) (64 1024 320 ) (64 832 320 ) (64 832 384 ) 
4 28 (448 832 256 ) (64 832 256 ) (64 1024 256 ) (448 1024 256 ) 
4 28 (448 832 384 ) (448 832 256 ) (448 1024 256 ) (448 1024 384 ) 
4 28 (64 832 384 ) (64 832 256 ) (448 832 256 ) (448 832 384 ) 
4 28 (64 1024 384 ) (64 832 384 ) (448 832 384 ) (448 1024 384 ) 
4 29 (960 832 192 ) (1024 832 192 ) (1024 832 256 ) (960 832 256 ) 
4 29 (1024 1024 256 ) (960 1024 256 ) (960 832 256 ) (1024 832 256 ) 
4 29 (960 1024 192 ) (960 832 192 ) (960 832 256 ) (960 1024 256 ) 
4 30 (1024 832 192 ) (960 832 192 ) (960 832 128 ) (1024 832 128 ) 
4 30 (960 1024 128 ) (960 832 128 ) (960 832 192 ) (960 1024 192 ) 
4 31 (576 832 128 ) (448 832 128 ) (448 960 128 ) (576 960 128 ) 
4 31 (832 960 128 ) (832 832 128 ) (576 832 128 ) (576 960 128 ) 
4 31 (704 832 192 ) (448 832 192 ) (448 832 128 ) (704 832 128 ) 
4 31 (448 960 192 ) (448 832 192 ) (832 832 192 ) (832 960 192 ) 
4 31 (832 960 192 ) (832 832 192 ) (832 832 128 ) (832 960 128 ) 
4 31 (832 960 192 ) (832 960 128 ) (448 960 128 ) (448 960 192 ) 
4 32 (64 1024 128 ) (448 1024 128 ) (448 832 128 ) (64 832 128 ) 
4 32 (448 832 192 ) (64 832 192 ) (64 832 128 ) (448 832 128 ) 
4 32 (448 1024 192 ) (448 960 192 ) (448 960 128 ) (448 1024 128 ) 
4 32 (448 832 192 ) (448 1024 192 ) (64 1024 192 ) (64 832 192 ) 
4 33 (960 576 128 ) (832 576 128 ) (832 704 128 ) (960 704 128 ) 
4 33 (1024 704 128 ) (1024 576 128 ) (960 576 128 ) (960 704 128 ) 
4 33 (832 576 128 ) (960 576 128 ) (960 576 192 ) (832 576 192 ) 
4 33 (1024 704 192 ) (832 704 192 ) (832 576 192 ) (1024 576 192 ) 
4 33 (1024 704 192 ) (1024 704 128 ) (832 704 128 ) (832 704 192 ) 
4 34 (832 576 128 ) (704 576 128 ) (704 832 128 ) (832 832 128 ) 
4 34 (704 576 128 ) (832 576 128 ) (832 576 192 ) (704 576 192 ) 
4 34 (832 832 192 ) (704 832 192 ) (704 576 192 ) (832 576 192 ) 
4 34 (832 704 192 ) (832 704 128 ) (832 832 128 ) (832 832 192 ) 
4 34 (704 832 192 ) (704 832 128 ) (704 576 128 ) (704 576 192 ) 
4 35 (64 960 256 ) (64 832 256 ) (0 832 256 ) (0 960 256 ) 
4 35 (64 832 256 ) (64 576 256 ) (0 576 256 ) (0 832 256 ) 
4 35 (64 832 256 ) (64 832 320 ) (64 576 320 ) (64 576 256 ) 
4 35 (0 960 320 ) (0 576 320 ) (64 576 320 ) (64 960 320 ) 
4 35 (0 960 320 ) (64 960 320 ) (64 960 256 ) (0 960 256 ) 
4 36 (0 832 128 ) (0 1024 128 ) (64 1024 128 ) (64 832 128 ) 
4 36 (0 832 128 ) (64 832 128 ) (64 832 192 ) (0 832 192 ) 
4 36 (64 1024 192 ) (0 1024 192 ) (0 832 192 ) (64 832 192 ) 
4 37 (960 576 128 ) (1024 576 128 ) (1024 320 128 ) (960 320 128 ) 
4 37 (960 576 192 ) (960 576 128 ) (960 320 128 ) (960 320 192 ) 
4 37 (1024 576 192 ) (960 576 192 ) (960 320 192 ) (1024 320 192 ) 
4 38 (960 0 128 ) (832 0 128 ) (832 320 128 ) (960 320 128 ) 
4 38 (960 192 128 ) (960 320 128 ) (1024 320 128 ) (1024 192 128 ) 
4 38 (960 64 128 ) (960 192 128 ) (1024 192 128 ) (1024 64 128 ) 
4 38 (832 0 192 ) (832 0 384 ) (832 64 384 ) (832 64 192 ) 
4 38 (832 320 128 ) (832 64 128 ) (832 64 384 ) (832 320 384 ) 
4 38 (960 320 384 ) (960 320 128 ) (832 320 128 ) (832 320 384 ) 
4 38 (960 320 192 ) (960 320 384 ) (1024 320 384 ) (1024 320 192 ) 
4 38 (1024 320 384 ) (832 320 384 ) (832 0 384 ) (1024 0 384 ) 
4 39 (832 0 128 ) (576 0 128 ) (576 64 128 ) (832 64 128 ) 
4 39 (832 64 192 ) (832 64 128 ) (576 64 128 ) (576 64 192 ) 
4 39 (832 0 192 ) (832 64 192 ) (576 64 192 ) (576 0 192 ) 
4 40 (192 0 256 ) (0 0 256 ) (0 192 256 ) (192 192 256 ) 
4 40 (0 384 256 ) (0 448 256 ) (64 448 256 ) (64 384 256 ) 
4 40 (0 576 256 ) (128 576 256 ) (128 448 256 ) (0 448 256 ) 
4 40 (576 64 256 ) (576 64 512 ) (576 0 512 ) (576 0 256 ) 
4 40 (576 64 512 ) (576 64 256 ) (576 576 256 ) (576 576 512 ) 
4 40 (64 576 512 ) (64 576 320 ) (0 576 320 ) (0 576 512 ) 
4 40 (576 576 512 ) (576 576 256 ) (64 576 256 ) (64 576 512 ) 
4 40 (0 0 512 ) (576 0 512 ) (576 576 512 ) (0 576 512 ) 
4 41 (128 576 256 ) (576 576 256 ) (576 576 224 ) (128 576 224 ) 
4 41 (576 448 256 ) (576 448 224 ) (576 576 224 ) (576 576 256 ) 
4 41 (128 576 224 ) (128 448 224 ) (128 448 256 ) (128 576 256 ) 
4 42 (192 192 256 ) (64 192 256 ) (64 192 224 ) (192 192 224 ) 
4 42 (64 448 256 ) (64 448 224 ) (64 384 224 ) (64 384 256 ) 
4 42 (576 448 256 ) (576 192 256 ) (576 192 224 ) (576 448 224 ) 
4 42 (64 448 256 ) (128 448 256 ) (128 448 224 ) (64 448 224 ) 
4 43 (64 192 256 ) (0 192 256 ) (0 192 224 ) (64 192 224 ) 
4 43 (0 384 256 ) (64 384 256 ) (64 384 224 ) (0 384 224 ) 
4 44 (64 256 128 ) (192 256 128 ) (192 192 128 ) (64 192 128 ) 
4 44 (192 256 128 ) (256 256 128 ) (256 192 128 ) (192 192 128 ) 
4 44 (0 192 128 ) (192 192 128 ) (192 192 224 ) (0 192 224 ) 
4 44 (64 384 224 ) (64 448 224 ) (0 448 224 ) (0 384 224 ) 
4 44 (128 448 224 ) (128 576 224 ) (0 576 224 ) (0 448 224 ) 
4 44 (576 576 224 ) (576 576 192 ) (64 576 192 ) (64 576 224 ) 
4 44 (64 576 192 ) (576 576 192 ) (576 576 128 ) (64 576 128 ) 
4 44 (64 576 224 ) (64 576 128 ) (0 576 128 ) (0 576 224 ) 
4 44 (576 192 224 ) (576 192 128 ) (576 576 128 ) (576 576 224 ) 
4 45 (192 32 128 ) (192 192 128 ) (256 192 128 ) (256 32 128 ) 
4 45 (576 0 128 ) (192 0 128 ) (192 32 128 ) (576 32 128 ) 
4 45 (576 192 256 ) (576 64 256 ) (576 64 128 ) (576 192 128 ) 
4 45 (576 64 192 ) (576 64 256 ) (576 0 256 ) (576 0 192 ) 
4 45 (192 192 256 ) (192 192 128 ) (192 0 128 ) (192 0 256 ) 
4 46 (960 832 0 ) (960 1024 0 ) (1024 1024 0 ) (1024 832 0 ) 
4 46 (960 960 0 ) (960 832 0 ) (960 832 64 ) (960 960 64 ) 
4 46 (960 832 64 ) (960 832 128 ) (960 1024 128 ) (960 1024 64 ) 
4 46 (960 832 64 ) (960 832 0 ) (1024 832 0 ) (1024 832 64 ) 
4 46 (960 832 128 ) (960 832 64 ) (1024 832 64 ) (1024 832 128 ) 
4 47 (960 192 0 ) (960 320 0 ) (1024 320 0 ) (1024 192 0 ) 
4 47 (1024 320 64 ) (960 320 64 ) (960 192 64 ) (1024 192 64 ) 
4 47 (960 192 64 ) (960 192 0 ) (1024 192 0 ) (1024 192 64 ) 
4 47 (1024 320 0 ) (960 320 0 ) (960 320 64 ) (1024 320 64 ) 
4 48 (960 0 64 ) (960 0 128 ) (960 64 128 ) (960 64 64 ) 
4 48 (1024 64 128 ) (1024 64 32 ) (960 64 0 ) (960 64 128 ) 
4 48 (960 0 0.002743 ) (960 64 0.002744 ) (1024 64 32.002747 ) (1024 0 32.002743 ) 
4 49 (192 256 96 ) (192 256 128 ) (64 256 128 ) (64 256 96 ) 
4 49 (256 256 128 ) (192 256 128 ) (192 256 96 ) (256 256 96 ) 
4 49 (576 576 128 ) (576 256 128 ) (576 256 64 ) (576 576 64 ) 
4 49 (0 576 128 ) (576 576 128 ) (576 576 64 ) (0 576 64 ) 
4 50 (256 32 96 ) (576 32 96 ) (576 32 128 ) (256 32 128 ) 
4 50 (576 32 96 ) (576 256 96 ) (576 256 128 ) (576 32 128 ) 
4 50 (256 256 128 ) (256 256 96 ) (256 32 96 ) (256 32 128 ) 
4 51 (192 192 64 ) (192 0 64 ) (192 0 96 ) (192 192 96 ) 
4 51 (256 32 96 ) (256 256 96 ) (192 256 96 ) (192 32 96 ) 
4 51 (576 0 96 ) (576 32 96 ) (192 32 96 ) (192 0 96 ) 
4 51 (576 256 96 ) (576 0 96 ) (576 0 64 ) (576 256 64 ) 
4 52 (64 192 128 ) (0 192 128 ) (0 192 96 ) (64 192 96 ) 
4 52 (64 192 128 ) (64 192 96 ) (64 256 96 ) (64 256 128 ) 
4 53 (192 256 96 ) (64 256 96 ) (64 192 96 ) (192 192 96 ) 
4 53 (0 192 64 ) (192 192 64 ) (192 192 96 ) (0 192 96 ) 
4 54 (320 1024 0 ) (960 1024 0 ) (960 960 0 ) (320 960 0 ) 
4 54 (320 960 0 ) (576 960 0 ) (576 960 64 ) (320 960 64 ) 
4 54 (576 960 0 ) (960 960 0 ) (960 960 64 ) (576 960 64 ) 
4 54 (576 960 64 ) (960 960 64 ) (960 1024 64 ) (576 1024 64 ) 
4 54 (320 960 64 ) (576 960 64 ) (576 1024 64 ) (320 1024 64 ) 
4 54 (320 1024 0 ) (320 960 0 ) (320 960 64 ) (320 1024 64 ) 
4 55 (960 0 0 ) (832 0 0 ) (832 320 0 ) (960 320 0 ) 
4 55 (832 320 64 ) (960 320 64 ) (960 320 0 ) (832 320 0 ) 
4 55 (960 192 64 ) (960 64 64 ) (960 64 0 ) (960 192 0 ) 
4 55 (832 320 64 ) (832 0 64 ) (960 0 64 ) (960 320 64 ) 
4 55 (832 320 64 ) (832 320 0 ) (832 0 0 ) (832 0 64 ) 
4 56 (64 192 64 ) (64 192 0 ) (192 192 0 ) (192 192 64 ) 
4 56 (576 320 64 ) (576 192 64 ) (576 192 0 ) (576 320 0 ) 
4 56 (576 576 64 ) (576 320 64 ) (576 320 0 ) (576 576 0 ) 
4 56 (576 576 64 ) (576 576 0 ) (64 576 0 ) (64 576 64 ) 
4 57 (576 192 64 ) (576 0 64 ) (576 0 0 ) (576 192 0 ) 
4 57 (192 192 64 ) (192 192 0 ) (192 0 0 ) (192 0 64 ) 
4 58 (0 192 0 ) (0 576 0 ) (32 576 0 ) (32 192 0 ) 
4 58 (64 0 0 ) (0 0 0 ) (0 192 0 ) (64 192 0 ) 
4 58 (0 576 0 ) (0 1024 0 ) (64 1024 0 ) (64 576 0 ) 
4 58 (64 192 64 ) (64 0 64 ) (64 0 0 ) (64 192 0 ) 
4 58 (64 960 64 ) (64 576 64 ) (64 576 0 ) (64 960 0 ) 
4 58 (64 1024 64 ) (64 960 64 ) (64 960 0 ) (64 1024 0 ) 
4 58 (0 576 64 ) (64 576 64 ) (64 1024 64 ) (0 1024 64 ) 
4 58 (64 192 64 ) (0 192 64 ) (0 0 64 ) (64 0 64 ) 
4 59 (192 192 -1024 ) (192 0 -1024 ) (192 0 0 ) (192 192 0 ) 
4 59 (576 0 -1024 ) (192 0 -1024 ) (192 576 -1024 ) (576 576 -1024 ) 
4 59 (192 576 0 ) (576 576 0 ) (576 576 -1024 ) (192 576 -1024 ) 
4 59 (576 0 0 ) (576 0 -1024 ) (576 576 -1024 ) (576 576 0 ) 
4 60 (32 576 0 ) (32 576 -32 ) (32 192 -32 ) (32 192 0 ) 
4 60 (32 192 -1024 ) (192 192 -1024 ) (192 192 0 ) (32 192 0 ) 
4 60 (32 576 0 ) (192 576 0 ) (192 576 -1024 ) (32 576 -1024 ) 
4 60 (32 576 -1024 ) (192 576 -1024 ) (192 192 -1024 ) (32 192 -1024 ) 
4 61 (0 192 -1024 ) (0 576 -1024 ) (32 576 -1024 ) (32 192 -1024 ) 
4 61 (0 576 -32 ) (32 576 -32 ) (32 576 -1024 ) (0 576 -1024 ) 
4 61 (0 192 -1024 ) (32 192 -1024 ) (32 192 -32 ) (0 192 -32 ) 
4 61 (0 192 -32 ) (32 192 -32 ) (32 576 -32 ) (0 576 -32 ) 
4 62 (832 -320 128 ) (832 -256 128 ) (960 -256 128 ) (960 -320 128 ) 
4 62 (832 -256 128 ) (832 0 128 ) (960 0 128 ) (960 -256 128 ) 
4 62 (1024 -192 128 ) (1024 -320 128 ) (960 -320 128 ) (960 -192 128 ) 
4 62 (1024 -64 128 ) (1024 -192 128 ) (960 -192 128 ) (960 -64 128 ) 
4 62 (832 -64 128 ) (832 -320 128 ) (832 -320 192 ) (832 -64 192 ) 
4 62 (832 0 256 ) (832 0 192 ) (832 -320 192 ) (832 -320 256 ) 
4 62 (832 0 384 ) (832 0 256 ) (832 -320 256 ) (832 -320 384 ) 
4 62 (1024 -320 384 ) (1024 0 384 ) (832 0 384 ) (832 -320 384 ) 
4 62 (1024 -320 384 ) (832 -320 384 ) (832 -320 128 ) (1024 -320 128 ) 
4 63 (832 -704 128 ) (832 -576 128 ) (960 -576 128 ) (960 -704 128 ) 
4 63 (960 -576 128 ) (1024 -576 128 ) (1024 -704 128 ) (960 -704 128 ) 
4 63 (1024 -704 192 ) (1024 -576 192 ) (832 -576 192 ) (832 -704 192 ) 
4 63 (1024 -576 192 ) (1024 -576 128 ) (832 -576 128 ) (832 -576 192 ) 
4 63 (1024 -704 192 ) (832 -704 192 ) (832 -704 128 ) (1024 -704 128 ) 
4 64 (960 -832 256 ) (960 -832 128 ) (960 -1024 128 ) (960 -1024 256 ) 
4 64 (960 -832 192 ) (1024 -832 192 ) (1024 -832 128 ) (960 -832 128 ) 
4 64 (960 -832 256 ) (1024 -832 256 ) (1024 -832 192 ) (960 -832 192 ) 
4 64 (1024 -832 256 ) (960 -832 256 ) (960 -1024 256 ) (1024 -1024 256 ) 
4 65 (128 -576 256 ) (0 -576 256 ) (0 -448 256 ) (128 -448 256 ) 
4 65 (64 -448 256 ) (0 -448 256 ) (0 -384 256 ) (64 -384 256 ) 
4 65 (0 0 256 ) (192 0 256 ) (192 -192 256 ) (0 -192 256 ) 
4 65 (0 -576 512 ) (0 -576 320 ) (64 -576 320 ) (64 -576 512 ) 
4 65 (64 -576 256 ) (576 -576 256 ) (576 -576 512 ) (64 -576 512 ) 
4 65 (576 -576 512 ) (576 -576 256 ) (576 0 256 ) (576 0 512 ) 
4 65 (0 -576 512 ) (576 -576 512 ) (576 0 512 ) (0 0 512 ) 
4 66 (0 -960 256 ) (0 -576 256 ) (64 -576 256 ) (64 -960 256 ) 
4 66 (0 -960 320 ) (64 -960 320 ) (64 -576 320 ) (0 -576 320 ) 
4 66 (64 -960 320 ) (64 -960 256 ) (64 -576 256 ) (64 -576 320 ) 
4 66 (0 -960 256 ) (64 -960 256 ) (64 -960 320 ) (0 -960 320 ) 
4 67 (576 0 256 ) (576 -192 256 ) (576 -192 192 ) (576 0 192 ) 
4 67 (192 0 192 ) (192 -192 192 ) (192 -192 256 ) (192 0 256 ) 
4 68 (64 -448 224 ) (128 -448 224 ) (128 -448 256 ) (64 -448 256 ) 
4 68 (64 -384 224 ) (64 -448 224 ) (64 -448 256 ) (64 -384 256 ) 
4 68 (576 -448 224 ) (576 -192 224 ) (576 -192 256 ) (576 -448 256 ) 
4 68 (64 -192 224 ) (64 -192 256 ) (192 -192 256 ) (192 -192 224 ) 
4 69 (64 -192 224 ) (0 -192 224 ) (0 -192 256 ) (64 -192 256 ) 
4 69 (0 -384 224 ) (64 -384 224 ) (64 -384 256 ) (0 -384 256 ) 
4 70 (576 -576 224 ) (576 -576 256 ) (128 -576 256 ) (128 -576 224 ) 
4 70 (576 -448 224 ) (576 -448 256 ) (576 -576 256 ) (576 -576 224 ) 
4 70 (128 -448 256 ) (128 -448 224 ) (128 -576 224 ) (128 -576 256 ) 
4 71 (128 -448 224 ) (0 -448 224 ) (0 -576 224 ) (128 -576 224 ) 
4 71 (0 -384 224 ) (0 -448 224 ) (64 -448 224 ) (64 -384 224 ) 
4 71 (0 -576 192 ) (576 -576 192 ) (576 -576 224 ) (0 -576 224 ) 
4 71 (576 -192 224 ) (576 -576 224 ) (576 -576 192 ) (576 -192 192 ) 
4 71 (0 -192 224 ) (192 -192 224 ) (192 -192 192 ) (0 -192 192 ) 
4 72 (256 0 128 ) (576 0 128 ) (576 -32 128 ) (256 -32 128 ) 
4 72 (192 0 128 ) (256 0 128 ) (256 -64 128 ) (192 -64 128 ) 
4 72 (576 0 128 ) (832 0 128 ) (832 -64 128 ) (576 -64 128 ) 
4 72 (576 -64 128 ) (832 -64 128 ) (832 -64 192 ) (576 -64 192 ) 
4 72 (576 -64 192 ) (832 -64 192 ) (832 0 192 ) (576 0 192 ) 
4 72 (192 0 128 ) (192 -64 128 ) (192 -64 192 ) (192 0 192 ) 
4 73 (576 -448 192 ) (576 -448 128 ) (576 -64 128 ) (576 -64 192 ) 
4 74 (320 -832 128 ) (320 -576 128 ) (576 -576 128 ) (576 -832 128 ) 
4 74 (576 -448 128 ) (832 -448 128 ) (832 -832 128 ) (576 -832 128 ) 
4 74 (320 -576 128 ) (320 -832 128 ) (320 -832 192 ) (320 -576 192 ) 
4 74 (576 -448 192 ) (576 -576 192 ) (832 -576 192 ) (832 -448 192 ) 
4 74 (320 -576 192 ) (320 -832 192 ) (832 -832 192 ) (832 -576 192 ) 
4 74 (832 -704 192 ) (832 -832 192 ) (832 -832 128 ) (832 -704 128 ) 
4 74 (832 -448 192 ) (832 -576 192 ) (832 -576 128 ) (832 -448 128 ) 
4 74 (576 -448 192 ) (832 -448 192 ) (832 -448 128 ) (576 -448 128 ) 
4 74 (320 -832 192 ) (320 -832 128 ) (832 -832 128 ) (832 -832 192 ) 
4 75 (192 -64 128 ) (256 -64 128 ) (256 -192 128 ) (192 -192 128 ) 
4 75 (192 -64 192 ) (192 -64 128 ) (192 -192 128 ) (192 -192 192 ) 
4 76 (64 -192 128 ) (192 -192 128 ) (192 -256 128 ) (64 -256 128 ) 
4 76 (192 -192 128 ) (256 -192 128 ) (256 -256 128 ) (192 -256 128 ) 
4 76 (0 -192 192 ) (192 -192 192 ) (192 -192 128 ) (0 -192 128 ) 
4 76 (0 -576 128 ) (320 -576 128 ) (320 -576 192 ) (0 -576 192 ) 
4 77 (64 -1024 128 ) (0 -1024 128 ) (0 -832 128 ) (64 -832 128 ) 
4 77 (64 -832 192 ) (0 -832 192 ) (0 -1024 192 ) (64 -1024 192 ) 
4 77 (0 -832 192 ) (64 -832 192 ) (64 -832 128 ) (0 -832 128 ) 
4 77 (64 -1024 192 ) (64 -1024 128 ) (64 -832 128 ) (64 -832 192 ) 
4 78 (960 -64 64 ) (960 -64 128 ) (960 0 128 ) (960 0 64 ) 
4 78 (960 -64 128 ) (960 -64 0 ) (1024 -64 32 ) (1024 -64 128 ) 
4 78 (1024 -64 31.998842 ) (960 -64 0 ) (960 0 0 ) (1024 0 31.998844 ) 
4 79 (960 -320 0 ) (960 -192 0 ) (1024 -192 0 ) (1024 -320 0 ) 
4 79 (1024 -320 64 ) (1024 -192 64 ) (960 -192 64 ) (960 -320 64 ) 
4 79 (1024 -192 64 ) (1024 -192 0 ) (960 -192 0 ) (960 -192 64 ) 
4 79 (1024 -320 64 ) (960 -320 64 ) (960 -320 0 ) (1024 -320 0 ) 
4 80 (1024 -1024 0 ) (960 -1024 0 ) (960 -832 0 ) (1024 -832 0 ) 
4 80 (960 -832 0 ) (960 -960 0 ) (960 -960 64 ) (960 -832 64 ) 
4 80 (960 -1024 64 ) (960 -1024 128 ) (960 -832 128 ) (960 -832 64 ) 
4 80 (1024 -832 64 ) (1024 -832 0 ) (960 -832 0 ) (960 -832 64 ) 
4 80 (1024 -832 128 ) (1024 -832 64 ) (960 -832 64 ) (960 -832 128 ) 
4 81 (256 -32 96 ) (256 -256 96 ) (256 -256 128 ) (256 -32 128 ) 
4 81 (576 -32 96 ) (576 -32 128 ) (576 -256 128 ) (576 -256 96 ) 
4 81 (576 -32 128 ) (576 -32 96 ) (256 -32 96 ) (256 -32 128 ) 
4 82 (0 -192 128 ) (64 -192 128 ) (64 -192 96 ) (0 -192 96 ) 
4 82 (64 -256 128 ) (64 -256 96 ) (64 -192 96 ) (64 -192 128 ) 
4 83 (256 -32 96 ) (576 -32 96 ) (576 0 96 ) (256 0 96 ) 
4 83 (192 -192 96 ) (256 -192 96 ) (256 0 96 ) (192 0 96 ) 
4 83 (576 0 96 ) (576 -192 96 ) (576 -192 64 ) (576 0 64 ) 
4 83 (192 0 64 ) (192 -192 64 ) (192 -192 96 ) (192 0 96 ) 
4 84 (0 -192 96 ) (192 -192 96 ) (192 -192 64 ) (0 -192 64 ) 
4 84 (576 -192 96 ) (576 -256 96 ) (576 -256 64 ) (576 -192 64 ) 
4 84 (192 -192 96 ) (192 -256 96 ) (256 -256 96 ) (256 -192 96 ) 
4 84 (64 -192 96 ) (64 -256 96 ) (192 -256 96 ) (192 -192 96 ) 
4 85 (576 -576 128 ) (576 -576 64 ) (576 -256 64 ) (576 -256 128 ) 
4 85 (192 -256 96 ) (64 -256 96 ) (64 -256 128 ) (192 -256 128 ) 
4 85 (256 -256 96 ) (192 -256 96 ) (192 -256 128 ) (256 -256 128 ) 
4 85 (0 -576 64 ) (576 -576 64 ) (576 -576 128 ) (0 -576 128 ) 
4 86 (832 0 0 ) (960 0 0 ) (960 -320 0 ) (832 -320 0 ) 
4 86 (832 0 0 ) (832 -320 0 ) (832 -320 64 ) (832 0 64 ) 
4 86 (832 -256 64 ) (832 -320 64 ) (960 -320 64 ) (960 -256 64 ) 
4 86 (832 -256 64 ) (960 -256 64 ) (960 0 64 ) (832 0 64 ) 
4 86 (960 -64 64 ) (960 -192 64 ) (960 -192 0 ) (960 -64 0 ) 
4 86 (832 -320 64 ) (832 -320 0 ) (960 -320 0 ) (960 -320 64 ) 
4 87 (576 0 64 ) (576 -192 64 ) (576 -192 0 ) (576 0 0 ) 
4 87 (192 0 0 ) (192 -192 0 ) (192 -192 64 ) (192 0 64 ) 
4 88 (576 -192 64 ) (576 -576 64 ) (576 -576 0 ) (576 -192 0 ) 
4 88 (192 -192 64 ) (192 -192 0 ) (64 -192 0 ) (64 -192 64 ) 
4 88 (64 -576 64 ) (64 -576 0 ) (576 -576 0 ) (576 -576 64 ) 
4 89 (576 -1024 0 ) (320 -1024 0 ) (320 -960 0 ) (576 -960 0 ) 
4 89 (960 -1024 0 ) (576 -1024 0 ) (576 -960 0 ) (960 -960 0 ) 
4 89 (576 -960 64 ) (576 -1024 64 ) (960 -1024 64 ) (960 -960 64 ) 
4 89 (576 -960 64 ) (320 -960 64 ) (320 -1024 64 ) (576 -1024 64 ) 
4 89 (832 -960 64 ) (960 -960 64 ) (960 -960 0 ) (832 -960 0 ) 
4 89 (576 -960 64 ) (832 -960 64 ) (832 -960 0 ) (576 -960 0 ) 
4 89 (320 -960 64 ) (576 -960 64 ) (576 -960 0 ) (320 -960 0 ) 
4 89 (320 -960 64 ) (320 -960 0 ) (320 -1024 0 ) (320 -1024 64 ) 
4 90 (0 -576 0 ) (0 -192 0 ) (32 -192 0 ) (32 -576 0 ) 
4 90 (0 -192 0 ) (0 0 0 ) (64 0 0 ) (64 -192 0 ) 
4 90 (64 -1024 0 ) (0 -1024 0 ) (0 -576 0 ) (64 -576 0 ) 
4 90 (64 -960 64 ) (64 -1024 64 ) (64 -1024 0 ) (64 -960 0 ) 
4 90 (64 -576 64 ) (64 -960 64 ) (64 -960 0 ) (64 -576 0 ) 
4 90 (64 0 64 ) (64 -192 64 ) (64 -192 0 ) (64 0 0 ) 
4 90 (0 -192 64 ) (64 -192 64 ) (64 0 64 ) (0 0 64 ) 
4 90 (64 -576 64 ) (0 -576 64 ) (0 -1024 64 ) (64 -1024 64 ) 
4 91 (192 0 -1024 ) (192 -192 -1024 ) (192 -192 0 ) (192 0 0 ) 
4 91 (192 -576 -1024 ) (576 -576 -1024 ) (576 -576 0 ) (192 -576 0 ) 
4 91 (576 -576 -1024 ) (576 0 -1024 ) (576 0 0 ) (576 -576 0 ) 
4 91 (192 0 -1024 ) (576 0 -1024 ) (576 -576 -1024 ) (192 -576 -1024 ) 
4 92 (32 -192 0 ) (32 -192 -32 ) (32 -576 -32 ) (32 -576 0 ) 
4 92 (32 -192 0 ) (192 -192 0 ) (192 -192 -1024 ) (32 -192 -1024 ) 
4 92 (32 -576 -1024 ) (192 -576 -1024 ) (192 -576 0 ) (32 -576 0 ) 
4 92 (192 -192 -1024 ) (192 -576 -1024 ) (32 -576 -1024 ) (32 -192 -1024 ) 
4 93 (32 -576 -1024 ) (0 -576 -1024 ) (0 -192 -1024 ) (32 -192 -1024 ) 
4 93 (0 -576 -1024 ) (32 -576 -1024 ) (32 -576 -32 ) (0 -576 -32 ) 
4 93 (0 -192 -32 ) (32 -192 -32 ) (32 -192 -1024 ) (0 -192 -1024 ) 
4 93 (0 -576 -32 ) (32 -576 -32 ) (32 -192 -32 ) (0 -192 -32 ) 
4 94 (960 -1024 192 ) (960 -1024 64 ) (960 -1344 64 ) (960 -1344 192 ) 
4 94 (960 -1024 256 ) (960 -1024 192 ) (960 -1344 192 ) (960 -1344 256 ) 
4 94 (960 -1344 64 ) (1024 -1344 64 ) (1024 -1344 256 ) (960 -1344 256 ) 
4 94 (1024 -1024 256 ) (960 -1024 256 ) (960 -1344 256 ) (1024 -1344 256 ) 
4 95 (64 -1024 128 ) (64 -1024 192 ) (64 -1344 192 ) (64 -1344 128 ) 
4 95 (0 -1344 192 ) (0 -1344 128 ) (64 -1344 128 ) (64 -1344 192 ) 
4 95 (0 -1344 192 ) (64 -1344 192 ) (64 -1024 192 ) (0 -1024 192 ) 
4 95 (0 -1024 128 ) (64 -1024 128 ) (64 -1344 128 ) (0 -1344 128 ) 
4 96 (448 -1088 64 ) (448 -1088 0 ) (960 -1088 0 ) (960 -1088 64 ) 
4 96 (960 -1088 64 ) (960 -1024 64 ) (448 -1024 64 ) (448 -1088 64 ) 
4 96 (448 -1024 0 ) (1024 -1024 0 ) (1024 -1088 0 ) (448 -1088 0 ) 
4 97 (1024 -1088 0 ) (1024 -1344 0 ) (960 -1344 0 ) (960 -1088 0 ) 
4 97 (960 -1344 0 ) (1024 -1344 0 ) (1024 -1344 64 ) (960 -1344 64 ) 
4 97 (960 -1088 64 ) (960 -1088 0 ) (960 -1344 0 ) (960 -1344 64 ) 
4 98 (320 -1024 0 ) (320 -1216 0 ) (320 -1216 64 ) (320 -1024 64 ) 
4 98 (448 -1088 64 ) (448 -1216 64 ) (448 -1216 0 ) (448 -1088 0 ) 
4 98 (320 -1024 0 ) (448 -1024 0 ) (448 -1216 0 ) (320 -1216 0 ) 
4 98 (320 -1216 64 ) (448 -1216 64 ) (448 -1024 64 ) (320 -1024 64 ) 
4 99 (64 -1216 64 ) (64 -1024 64 ) (0 -1024 64 ) (0 -1216 64 ) 
4 99 (0 -1216 0 ) (0 -1024 0 ) (64 -1024 0 ) (64 -1216 0 ) 
4 99 (64 -1024 64 ) (64 -1216 64 ) (64 -1216 0 ) (64 -1024 0 ) 
4 100 (64 -1216 64 ) (320 -1216 64 ) (320 -1216 0 ) (64 -1216 0 ) 
4 100 (64 -1216 64 ) (0 -1216 64 ) (0 -1344 64 ) (64 -1344 64 ) 
4 100 (448 -1216 64 ) (64 -1216 64 ) (64 -1344 64 ) (448 -1344 64 ) 
4 100 (0 -1344 64 ) (0 -1344 0 ) (448 -1344 0 ) (448 -1344 64 ) 
4 100 (0 -1344 0 ) (0 -1216 0 ) (448 -1216 0 ) (448 -1344 0 ) 
4 100 (448 -1216 64 ) (448 -1344 64 ) (448 -1344 0 ) (448 -1216 0 ) 
4 101 (-64 1344 128 ) (-64 1024 128 ) (-64 1024 192 ) (-64 1344 192 ) 
4 101 (0 1344 192 ) (-64 1344 192 ) (-64 1024 192 ) (0 1024 192 ) 
4 101 (0 1024 128 ) (-64 1024 128 ) (-64 1344 128 ) (0 1344 128 ) 
4 101 (0 1344 192 ) (0 1344 128 ) (-64 1344 128 ) (-64 1344 192 ) 
4 102 (-448 1344 0 ) (-448 1216 0 ) (-448 1216 64 ) (-448 1344 64 ) 
4 102 (-320 1216 0 ) (-64 1216 0 ) (-64 1216 64 ) (-320 1216 64 ) 
4 102 (-448 1216 0 ) (-448 1344 0 ) (0 1344 0 ) (0 1216 0 ) 
4 102 (0 1216 64 ) (0 1344 64 ) (-448 1344 64 ) (-448 1216 64 ) 
4 102 (0 1344 64 ) (0 1344 0 ) (-448 1344 0 ) (-448 1344 64 ) 
4 103 (0 1216 64 ) (-64 1216 64 ) (-64 1024 64 ) (0 1024 64 ) 
4 103 (0 1024 0 ) (-64 1024 0 ) (-64 1216 0 ) (0 1216 0 ) 
4 103 (-64 1216 64 ) (-64 1216 0 ) (-64 1024 0 ) (-64 1024 64 ) 
4 104 (-448 1216 0 ) (-448 1088 0 ) (-448 1088 64 ) (-448 1216 64 ) 
4 104 (-320 1024 64 ) (-320 1024 0 ) (-320 1216 0 ) (-320 1216 64 ) 
4 104 (-320 1024 0 ) (-448 1024 0 ) (-448 1216 0 ) (-320 1216 0 ) 
4 104 (-320 1216 64 ) (-448 1216 64 ) (-448 1024 64 ) (-320 1024 64 ) 
4 105 (-448 1088 64 ) (-960 1088 64 ) (-960 1024 64 ) (-448 1024 64 ) 
4 105 (-448 1024 0 ) (-960 1024 0 ) (-960 1088 0 ) (-448 1088 0 ) 
4 105 (-960 1088 0 ) (-960 1088 64 ) (-448 1088 64 ) (-448 1088 0 ) 
4 106 (-960 1344 256 ) (-960 1344 0 ) (-1024 1344 0 ) (-1024 1344 256 ) 
4 106 (-960 1344 64 ) (-960 1088 64 ) (-960 1088 0 ) (-960 1344 0 ) 
4 106 (-960 1344 128 ) (-960 1344 192 ) (-960 1024 192 ) (-960 1024 128 ) 
4 106 (-960 1344 192 ) (-960 1344 256 ) (-960 1024 256 ) (-960 1024 192 ) 
4 106 (-960 1344 64 ) (-960 1344 128 ) (-960 1024 128 ) (-960 1024 64 ) 
4 106 (-960 1024 0 ) (-1024 1024 0 ) (-1024 1344 0 ) (-960 1344 0 ) 
4 106 (-1024 1024 256 ) (-960 1024 256 ) (-960 1344 256 ) (-1024 1344 256 ) 
4 107 (0 960 256 ) (0 576 256 ) (-64 576 256 ) (-64 960 256 ) 
4 107 (0 960 320 ) (-64 960 320 ) (-64 576 320 ) (0 576 320 ) 
4 107 (-64 960 256 ) (-64 576 256 ) (-64 576 320 ) (-64 960 320 ) 
4 107 (0 960 256 ) (-64 960 256 ) (-64 960 320 ) (0 960 320 ) 
4 108 (0 0 256 ) (-192 0 256 ) (-192 192 256 ) (0 192 256 ) 
4 108 (-64 448 256 ) (0 448 256 ) (0 384 256 ) (-64 384 256 ) 
4 108 (-128 576 256 ) (0 576 256 ) (0 448 256 ) (-128 448 256 ) 
4 108 (-576 576 512 ) (-576 576 256 ) (-576 0 256 ) (-576 0 512 ) 
4 108 (-64 576 320 ) (-64 576 512 ) (0 576 512 ) (0 576 320 ) 
4 108 (-576 576 512 ) (-64 576 512 ) (-64 576 256 ) (-576 576 256 ) 
4 108 (0 576 512 ) (-576 576 512 ) (-576 0 512 ) (0 0 512 ) 
4 109 (-128 576 224 ) (-576 576 224 ) (-576 576 256 ) (-128 576 256 ) 
4 109 (-576 576 256 ) (-576 576 224 ) (-576 448 224 ) (-576 448 256 ) 
4 109 (-128 448 256 ) (-128 448 224 ) (-128 576 224 ) (-128 576 256 ) 
4 110 (-64 192 224 ) (0 192 224 ) (0 192 256 ) (-64 192 256 ) 
4 110 (0 384 256 ) (0 384 224 ) (-64 384 224 ) (-64 384 256 ) 
4 111 (-192 192 224 ) (-64 192 224 ) (-64 192 256 ) (-192 192 256 ) 
4 111 (-64 384 256 ) (-64 384 224 ) (-64 448 224 ) (-64 448 256 ) 
4 111 (-576 448 224 ) (-576 192 224 ) (-576 192 256 ) (-576 448 256 ) 
4 111 (-128 448 256 ) (-64 448 256 ) (-64 448 224 ) (-128 448 224 ) 
4 112 (-192 192 192 ) (0 192 192 ) (0 192 224 ) (-192 192 224 ) 
4 112 (0 384 224 ) (0 448 224 ) (-64 448 224 ) (-64 384 224 ) 
4 112 (-128 448 224 ) (0 448 224 ) (0 576 224 ) (-128 576 224 ) 
4 112 (-576 576 224 ) (0 576 224 ) (0 576 192 ) (-576 576 192 ) 
4 112 (-576 576 224 ) (-576 576 192 ) (-576 192 192 ) (-576 192 224 ) 
4 113 (-576 192 192 ) (-576 0 192 ) (-576 0 256 ) (-576 192 256 ) 
4 113 (-192 0 256 ) (-192 0 192 ) (-192 192 192 ) (-192 192 256 ) 
4 114 (-64 1024 128 ) (0 1024 128 ) (0 832 128 ) (-64 832 128 ) 
4 114 (0 832 192 ) (-64 832 192 ) (-64 832 128 ) (0 832 128 ) 
4 114 (-64 832 192 ) (0 832 192 ) (0 1024 192 ) (-64 1024 192 ) 
4 114 (-64 1024 128 ) (-64 832 128 ) (-64 832 192 ) (-64 1024 192 ) 
4 115 (0 576 192 ) (0 576 128 ) (-320 576 128 ) (-320 576 192 ) 
4 116 (-576 832 128 ) (-320 832 128 ) (-320 576 128 ) (-576 576 128 ) 
4 116 (-832 448 128 ) (-832 832 128 ) (-576 832 128 ) (-576 448 128 ) 
4 116 (-832 576 128 ) (-832 448 128 ) (-832 448 192 ) (-832 576 192 ) 
4 116 (-832 832 128 ) (-832 704 128 ) (-832 704 192 ) (-832 832 192 ) 
4 116 (-576 448 192 ) (-832 448 192 ) (-832 448 128 ) (-576 448 128 ) 
4 116 (-320 576 192 ) (-320 576 128 ) (-320 832 128 ) (-320 832 192 ) 
4 116 (-320 576 192 ) (-320 832 192 ) (-832 832 192 ) (-832 576 192 ) 
4 116 (-576 448 192 ) (-576 576 192 ) (-832 576 192 ) (-832 448 192 ) 
4 116 (-320 832 128 ) (-832 832 128 ) (-832 832 192 ) (-320 832 192 ) 
4 117 (-64 192 128 ) (-192 192 128 ) (-192 256 128 ) (-64 256 128 ) 
4 117 (-192 192 192 ) (-192 192 128 ) (0 192 128 ) (0 192 192 ) 
4 118 (-192 256 128 ) (-192 64 128 ) (-256 64 128 ) (-256 256 128 ) 
4 118 (-192 192 192 ) (-192 64 192 ) (-192 64 128 ) (-192 192 128 ) 
4 118 (-576 448 192 ) (-576 448 128 ) (-576 64 128 ) (-576 64 192 ) 
4 119 (-256 0 128 ) (-576 0 128 ) (-576 32 128 ) (-256 32 128 ) 
4 119 (-192 0 128 ) (-256 0 128 ) (-256 64 128 ) (-192 64 128 ) 
4 119 (-576 0 128 ) (-832 0 128 ) (-832 64 128 ) (-576 64 128 ) 
4 119 (-576 64 192 ) (-832 64 192 ) (-832 0 192 ) (-576 0 192 ) 
4 119 (-576 64 128 ) (-832 64 128 ) (-832 64 192 ) (-576 64 192 ) 
4 119 (-192 0 192 ) (-192 0 128 ) (-192 64 128 ) (-192 64 192 ) 
4 120 (-1024 832 192 ) (-1024 832 128 ) (-960 832 128 ) (-960 832 192 ) 
4 120 (-1024 832 256 ) (-1024 832 192 ) (-960 832 192 ) (-960 832 256 ) 
4 120 (-960 832 256 ) (-960 832 128 ) (-960 1024 128 ) (-960 1024 256 ) 
4 120 (-1024 832 256 ) (-960 832 256 ) (-960 1024 256 ) (-1024 1024 256 ) 
4 121 (-1024 576 128 ) (-1024 704 128 ) (-960 704 128 ) (-960 576 128 ) 
4 121 (-960 704 128 ) (-832 704 128 ) (-832 576 128 ) (-960 576 128 ) 
4 121 (-1024 576 192 ) (-1024 576 128 ) (-832 576 128 ) (-832 576 192 ) 
4 121 (-832 704 192 ) (-1024 704 192 ) (-1024 576 192 ) (-832 576 192 ) 
4 121 (-1024 704 192 ) (-832 704 192 ) (-832 704 128 ) (-1024 704 128 ) 
4 122 (-1024 64 128 ) (-1024 192 128 ) (-960 192 128 ) (-960 64 128 ) 
4 122 (-1024 192 128 ) (-1024 320 128 ) (-960 320 128 ) (-960 192 128 ) 
4 122 (-832 0 128 ) (-960 0 128 ) (-960 256 128 ) (-832 256 128 ) 
4 122 (-960 256 128 ) (-960 320 128 ) (-832 320 128 ) (-832 256 128 ) 
4 122 (-1024 320 384 ) (-1024 0 384 ) (-832 0 384 ) (-832 320 384 ) 
4 122 (-832 320 192 ) (-832 64 192 ) (-832 64 128 ) (-832 320 128 ) 
4 122 (-832 320 256 ) (-832 0 256 ) (-832 0 192 ) (-832 320 192 ) 
4 122 (-832 320 384 ) (-832 0 384 ) (-832 0 256 ) (-832 320 256 ) 
4 122 (-1024 320 384 ) (-832 320 384 ) (-832 320 128 ) (-1024 320 128 ) 
4 123 (-192 256 128 ) (-256 256 128 ) (-256 256 96 ) (-192 256 96 ) 
4 123 (-64 256 128 ) (-192 256 128 ) (-192 256 96 ) (-64 256 96 ) 
4 123 (-576 576 64 ) (-576 256 64 ) (-576 256 128 ) (-576 576 128 ) 
4 123 (0 576 128 ) (0 576 64 ) (-576 576 64 ) (-576 576 128 ) 
4 124 (-64 192 96 ) (0 192 96 ) (0 192 128 ) (-64 192 128 ) 
4 124 (-64 256 128 ) (-64 256 96 ) (-64 192 96 ) (-64 192 128 ) 
4 125 (-256 32 128 ) (-256 32 96 ) (-256 256 96 ) (-256 256 128 ) 
4 125 (-576 256 128 ) (-576 256 96 ) (-576 32 96 ) (-576 32 128 ) 
4 125 (-576 32 128 ) (-576 32 96 ) (-256 32 96 ) (-256 32 128 ) 
4 126 (0 192 96 ) (-192 192 96 ) (-192 192 64 ) (0 192 64 ) 
4 126 (-576 256 96 ) (-576 256 64 ) (-576 192 64 ) (-576 192 96 ) 
4 126 (-64 192 96 ) (-64 256 96 ) (-192 256 96 ) (-192 192 96 ) 
4 126 (-192 192 96 ) (-192 256 96 ) (-256 256 96 ) (-256 192 96 ) 
4 127 (-256 32 96 ) (-576 32 96 ) (-576 0 96 ) (-256 0 96 ) 
4 127 (-192 192 96 ) (-256 192 96 ) (-256 0 96 ) (-192 0 96 ) 
4 127 (-576 192 64 ) (-576 0 64 ) (-576 0 96 ) (-576 192 96 ) 
4 127 (-192 0 96 ) (-192 0 64 ) (-192 192 64 ) (-192 192 96 ) 
4 128 (-32 576 0 ) (0 576 0 ) (0 192 0 ) (-32 192 0 ) 
4 128 (0 0 0 ) (-64 0 0 ) (-64 192 0 ) (0 192 0 ) 
4 128 (-64 576 0 ) (-64 1024 0 ) (0 1024 0 ) (0 576 0 ) 
4 128 (-64 192 0 ) (-64 0 0 ) (-64 0 64 ) (-64 192 64 ) 
4 128 (-64 960 0 ) (-64 576 0 ) (-64 576 64 ) (-64 960 64 ) 
4 128 (-64 1024 0 ) (-64 960 0 ) (-64 960 64 ) (-64 1024 64 ) 
4 128 (-64 576 64 ) (0 576 64 ) (0 1024 64 ) (-64 1024 64 ) 
4 128 (0 192 64 ) (-64 192 64 ) (-64 0 64 ) (0 0 64 ) 
4 129 (-960 960 0 ) (-960 1024 0 ) (-320 1024 0 ) (-320 960 0 ) 
4 129 (-832 960 64 ) (-960 960 64 ) (-960 960 0 ) (-832 960 0 ) 
4 129 (-320 960 64 ) (-576 960 64 ) (-576 960 0 ) (-320 960 0 ) 
4 129 (-576 960 64 ) (-832 960 64 ) (-832 960 0 ) (-576 960 0 ) 
4 129 (-576 960 64 ) (-576 1024 64 ) (-960 1024 64 ) (-960 960 64 ) 
4 129 (-576 960 64 ) (-320 960 64 ) (-320 1024 64 ) (-576 1024 64 ) 
4 129 (-320 1024 64 ) (-320 960 64 ) (-320 960 0 ) (-320 1024 0 ) 
4 130 (-192 192 0 ) (-64 192 0 ) (-64 192 64 ) (-192 192 64 ) 
4 130 (-576 576 0 ) (-576 192 0 ) (-576 192 64 ) (-576 576 64 ) 
4 130 (-64 576 64 ) (-64 576 0 ) (-576 576 0 ) (-576 576 64 ) 
4 131 (-576 192 0 ) (-576 0 0 ) (-576 0 64 ) (-576 192 64 ) 
4 131 (-192 0 64 ) (-192 0 0 ) (-192 192 0 ) (-192 192 64 ) 
4 132 (-832 0 0 ) (-960 0 0 ) (-960 320 0 ) (-832 320 0 ) 
4 132 (-960 192 0 ) (-960 64 0 ) (-960 64 64 ) (-960 192 64 ) 
4 132 (-832 256 64 ) (-960 256 64 ) (-960 0 64 ) (-832 0 64 ) 
4 132 (-832 256 64 ) (-832 320 64 ) (-960 320 64 ) (-960 256 64 ) 
4 132 (-832 320 64 ) (-832 0 64 ) (-832 0 0 ) (-832 320 0 ) 
4 132 (-960 320 0 ) (-960 320 64 ) (-832 320 64 ) (-832 320 0 ) 
4 133 (-1024 832 0 ) (-1024 1024 0 ) (-960 1024 0 ) (-960 832 0 ) 
4 133 (-1024 832 0 ) (-960 832 0 ) (-960 832 64 ) (-1024 832 64 ) 
4 133 (-960 832 64 ) (-960 832 128 ) (-1024 832 128 ) (-1024 832 64 ) 
4 133 (-960 960 64 ) (-960 832 64 ) (-960 832 0 ) (-960 960 0 ) 
4 133 (-960 832 64 ) (-960 1024 64 ) (-960 1024 128 ) (-960 832 128 ) 
4 134 (-1024 192 0 ) (-1024 320 0 ) (-960 320 0 ) (-960 192 0 ) 
4 134 (-1024 192 0 ) (-960 192 0 ) (-960 192 64 ) (-1024 192 64 ) 
4 134 (-960 320 64 ) (-1024 320 64 ) (-1024 192 64 ) (-960 192 64 ) 
4 134 (-1024 320 64 ) (-960 320 64 ) (-960 320 0 ) (-1024 320 0 ) 
4 135 (-1024 64 32 ) (-1024 64 128 ) (-960 64 128 ) (-960 64 0 ) 
4 135 (-960 64 64 ) (-960 64 128 ) (-960 0 128 ) (-960 0 64 ) 
4 135 (-1024 64 31.998842 ) (-960 64 0 ) (-960 0 0 ) (-1024 0 31.998844 ) 
4 136 (-32 576 -1024 ) (0 576 -1024 ) (0 192 -1024 ) (-32 192 -1024 ) 
4 136 (-32 576 -1024 ) (-32 576 -32 ) (0 576 -32 ) (0 576 -1024 ) 
4 136 (-32 192 -1024 ) (0 192 -1024 ) (0 192 -32 ) (-32 192 -32 ) 
4 136 (0 576 -32 ) (-32 576 -32 ) (-32 192 -32 ) (0 192 -32 ) 
4 137 (-32 192 0 ) (-32 192 -32 ) (-32 576 -32 ) (-32 576 0 ) 
4 137 (-192 192 0 ) (-192 192 -1024 ) (-32 192 -1024 ) (-32 192 0 ) 
4 137 (-32 576 -1024 ) (-192 576 -1024 ) (-192 576 0 ) (-32 576 0 ) 
4 137 (-192 192 -1024 ) (-192 576 -1024 ) (-32 576 -1024 ) (-32 192 -1024 ) 
4 138 (-192 192 0 ) (-192 0 0 ) (-192 0 -1024 ) (-192 192 -1024 ) 
4 138 (-576 576 0 ) (-576 576 -1024 ) (-576 0 -1024 ) (-576 0 0 ) 
4 138 (-192 576 -1024 ) (-576 576 -1024 ) (-576 576 0 ) (-192 576 0 ) 
4 138 (-192 0 -1024 ) (-576 0 -1024 ) (-576 576 -1024 ) (-192 576 -1024 ) 
4 139 (-64 -576 512 ) (-576 -576 512 ) (-576 -576 256 ) (-64 -576 256 ) 
4 139 (0 -576 320 ) (0 -576 512 ) (-64 -576 512 ) (-64 -576 320 ) 
4 139 (-576 0 512 ) (-576 0 256 ) (-576 -64 256 ) (-576 -64 512 ) 
4 139 (-576 -64 256 ) (-576 -576 256 ) (-576 -576 512 ) (-576 -64 512 ) 
4 139 (0 -576 256 ) (-128 -576 256 ) (-128 -448 256 ) (0 -448 256 ) 
4 139 (0 -384 256 ) (0 -448 256 ) (-64 -448 256 ) (-64 -384 256 ) 
4 139 (-192 0 256 ) (0 0 256 ) (0 -192 256 ) (-192 -192 256 ) 
4 139 (0 0 512 ) (-576 0 512 ) (-576 -576 512 ) (0 -576 512 ) 
4 140 (-192 -32 128 ) (-192 -192 128 ) (-256 -192 128 ) (-256 -32 128 ) 
4 140 (-576 0 128 ) (-192 0 128 ) (-192 -32 128 ) (-576 -32 128 ) 
4 140 (-576 0 256 ) (-576 0 192 ) (-576 -64 192 ) (-576 -64 256 ) 
4 140 (-576 -64 128 ) (-576 -192 128 ) (-576 -192 256 ) (-576 -64 256 ) 
4 140 (-192 0 256 ) (-192 -192 256 ) (-192 -192 128 ) (-192 0 128 ) 
4 141 (0 -192 224 ) (-64 -192 224 ) (-64 -192 256 ) (0 -192 256 ) 
4 141 (-64 -384 256 ) (-64 -384 224 ) (0 -384 224 ) (0 -384 256 ) 
4 142 (-576 -448 256 ) (-576 -192 256 ) (-576 -192 224 ) (-576 -448 224 ) 
4 142 (-128 -448 224 ) (-64 -448 224 ) (-64 -448 256 ) (-128 -448 256 ) 
4 142 (-64 -384 256 ) (-64 -448 256 ) (-64 -448 224 ) (-64 -384 224 ) 
4 142 (-64 -192 224 ) (-192 -192 224 ) (-192 -192 256 ) (-64 -192 256 ) 
4 143 (-128 -576 256 ) (-576 -576 256 ) (-576 -576 224 ) (-128 -576 224 ) 
4 143 (-576 -576 224 ) (-576 -576 256 ) (-576 -448 256 ) (-576 -448 224 ) 
4 143 (-128 -576 256 ) (-128 -576 224 ) (-128 -448 224 ) (-128 -448 256 ) 
4 144 (-192 -256 128 ) (-256 -256 128 ) (-256 -192 128 ) (-192 -192 128 ) 
4 144 (-64 -256 128 ) (-192 -256 128 ) (-192 -192 128 ) (-64 -192 128 ) 
4 144 (-576 -576 128 ) (-64 -576 128 ) (-64 -576 192 ) (-576 -576 192 ) 
4 144 (-64 -576 192 ) (-64 -576 224 ) (-576 -576 224 ) (-576 -576 192 ) 
4 144 (-64 -576 128 ) (0 -576 128 ) (0 -576 192 ) (-64 -576 192 ) 
4 144 (0 -576 192 ) (0 -576 224 ) (-64 -576 224 ) (-64 -576 192 ) 
4 144 (-576 -192 128 ) (-576 -576 128 ) (-576 -576 224 ) (-576 -192 224 ) 
4 144 (0 -448 224 ) (-128 -448 224 ) (-128 -576 224 ) (0 -576 224 ) 
4 144 (-64 -384 224 ) (-64 -448 224 ) (0 -448 224 ) (0 -384 224 ) 
4 144 (0 -192 224 ) (0 -192 128 ) (-192 -192 128 ) (-192 -192 224 ) 
4 145 (-832 0 128 ) (-576 0 128 ) (-576 -64 128 ) (-832 -64 128 ) 
4 145 (-832 -64 192 ) (-832 -64 128 ) (-576 -64 128 ) (-576 -64 192 ) 
4 145 (-576 0 192 ) (-832 0 192 ) (-832 -64 192 ) (-576 -64 192 ) 
4 146 (-1024 -320 128 ) (-1024 -192 128 ) (-960 -192 128 ) (-960 -320 128 ) 
4 146 (-1024 -192 128 ) (-1024 -64 128 ) (-960 -64 128 ) (-960 -192 128 ) 
4 146 (-960 0 128 ) (-832 0 128 ) (-832 -320 128 ) (-960 -320 128 ) 
4 146 (-1024 -320 384 ) (-1024 -320 192 ) (-960 -320 192 ) (-960 -320 384 ) 
4 146 (-960 -320 128 ) (-832 -320 128 ) (-832 -320 384 ) (-960 -320 384 ) 
4 146 (-832 -64 384 ) (-832 -64 192 ) (-832 0 192 ) (-832 0 384 ) 
4 146 (-832 -64 384 ) (-832 -320 384 ) (-832 -320 128 ) (-832 -64 128 ) 
4 146 (-832 0 384 ) (-1024 0 384 ) (-1024 -320 384 ) (-832 -320 384 ) 
4 147 (-1024 -576 128 ) (-1024 -320 128 ) (-960 -320 128 ) (-960 -576 128 ) 
4 147 (-960 -576 192 ) (-960 -576 128 ) (-960 -320 128 ) (-960 -320 192 ) 
4 147 (-1024 -576 192 ) (-960 -576 192 ) (-960 -320 192 ) (-1024 -320 192 ) 
4 148 (-64 -576 320 ) (-64 -576 256 ) (-64 -832 256 ) (-64 -832 320 ) 
4 148 (-64 -960 256 ) (-64 -576 256 ) (0 -576 256 ) (0 -960 256 ) 
4 148 (0 -960 320 ) (0 -576 320 ) (-64 -576 320 ) (-64 -960 320 ) 
4 148 (-64 -960 256 ) (0 -960 256 ) (0 -960 320 ) (-64 -960 320 ) 
4 149 (0 -1024 128 ) (-64 -1024 128 ) (-64 -832 128 ) (0 -832 128 ) 
4 149 (0 -832 192 ) (-64 -832 192 ) (-64 -1024 192 ) (0 -1024 192 ) 
4 149 (0 -832 128 ) (-64 -832 128 ) (-64 -832 192 ) (0 -832 192 ) 
4 150 (-448 -832 256 ) (-64 -832 256 ) (-64 -1024 256 ) (-448 -1024 256 ) 
4 150 (-448 -832 384 ) (-448 -832 256 ) (-448 -1024 256 ) (-448 -1024 384 ) 
4 150 (-448 -832 384 ) (-64 -832 384 ) (-64 -832 256 ) (-448 -832 256 ) 
4 150 (-64 -832 384 ) (-64 -1024 384 ) (-64 -1024 320 ) (-64 -832 320 ) 
4 150 (-64 -960 320 ) (-64 -1024 320 ) (-64 -1024 256 ) (-64 -960 256 ) 
4 150 (-64 -1024 384 ) (-64 -832 384 ) (-448 -832 384 ) (-448 -1024 384 ) 
4 151 (-960 -832 256 ) (-960 -832 192 ) (-1024 -832 192 ) (-1024 -832 256 ) 
4 151 (-1024 -1024 256 ) (-960 -1024 256 ) (-960 -832 256 ) (-1024 -832 256 ) 
4 151 (-960 -1024 192 ) (-960 -832 192 ) (-960 -832 256 ) (-960 -1024 256 ) 
4 152 (-832 -576 128 ) (-704 -576 128 ) (-704 -832 128 ) (-832 -832 128 ) 
4 152 (-832 -832 128 ) (-832 -832 192 ) (-832 -704 192 ) (-832 -704 128 ) 
4 152 (-832 -576 192 ) (-704 -576 192 ) (-704 -576 128 ) (-832 -576 128 ) 
4 152 (-832 -832 192 ) (-704 -832 192 ) (-704 -576 192 ) (-832 -576 192 ) 
4 152 (-704 -576 128 ) (-704 -576 192 ) (-704 -832 192 ) (-704 -832 128 ) 
4 153 (-1024 -704 128 ) (-1024 -576 128 ) (-960 -576 128 ) (-960 -704 128 ) 
4 153 (-960 -576 128 ) (-832 -576 128 ) (-832 -704 128 ) (-960 -704 128 ) 
4 153 (-960 -576 192 ) (-832 -576 192 ) (-832 -576 128 ) (-960 -576 128 ) 
4 153 (-1024 -704 192 ) (-832 -704 192 ) (-832 -576 192 ) (-1024 -576 192 ) 
4 153 (-1024 -704 128 ) (-832 -704 128 ) (-832 -704 192 ) (-1024 -704 192 ) 
4 154 (-64 -1024 128 ) (-448 -1024 128 ) (-448 -832 128 ) (-64 -832 128 ) 
4 154 (-448 -960 128 ) (-448 -1024 128 ) (-448 -1024 192 ) (-448 -960 192 ) 
4 154 (-448 -832 192 ) (-448 -1024 192 ) (-64 -1024 192 ) (-64 -832 192 ) 
4 154 (-448 -832 192 ) (-64 -832 192 ) (-64 -832 128 ) (-448 -832 128 ) 
4 155 (-576 -832 128 ) (-448 -832 128 ) (-448 -960 128 ) (-576 -960 128 ) 
4 155 (-832 -960 128 ) (-832 -832 128 ) (-576 -832 128 ) (-576 -960 128 ) 
4 155 (-832 -832 192 ) (-832 -832 128 ) (-832 -960 128 ) (-832 -960 192 ) 
4 155 (-448 -960 192 ) (-448 -832 192 ) (-832 -832 192 ) (-832 -960 192 ) 
4 155 (-704 -832 192 ) (-448 -832 192 ) (-448 -832 128 ) (-704 -832 128 ) 
4 155 (-832 -960 192 ) (-832 -960 128 ) (-448 -960 128 ) (-448 -960 192 ) 
4 156 (-1024 -832 192 ) (-960 -832 192 ) (-960 -832 128 ) (-1024 -832 128 ) 
4 156 (-960 -1024 192 ) (-960 -1024 128 ) (-960 -832 128 ) (-960 -832 192 ) 
4 157 (-64 -192 128 ) (0 -192 128 ) (0 -192 96 ) (-64 -192 96 ) 
4 157 (-64 -192 128 ) (-64 -192 96 ) (-64 -256 96 ) (-64 -256 128 ) 
4 158 (-64 -192 96 ) (-192 -192 96 ) (-192 -256 96 ) (-64 -256 96 ) 
4 158 (0 -192 96 ) (0 -192 64 ) (-192 -192 64 ) (-192 -192 96 ) 
4 159 (-256 -32 128 ) (-256 -32 96 ) (-576 -32 96 ) (-576 -32 128 ) 
4 159 (-576 -256 96 ) (-576 -256 128 ) (-576 -32 128 ) (-576 -32 96 ) 
4 159 (-256 -256 128 ) (-256 -256 96 ) (-256 -32 96 ) (-256 -32 128 ) 
4 160 (-256 -32 96 ) (-256 -256 96 ) (-192 -256 96 ) (-192 -32 96 ) 
4 160 (-576 0 96 ) (-576 -32 96 ) (-192 -32 96 ) (-192 0 96 ) 
4 160 (-576 0 64 ) (-576 -256 64 ) (-576 -256 96 ) (-576 0 96 ) 
4 160 (-192 0 96 ) (-192 -192 96 ) (-192 -192 64 ) (-192 0 64 ) 
4 161 (-576 -256 64 ) (-576 -576 64 ) (-576 -576 128 ) (-576 -256 128 ) 
4 161 (-64 -256 96 ) (-192 -256 96 ) (-192 -256 128 ) (-64 -256 128 ) 
4 161 (-256 -256 128 ) (-192 -256 128 ) (-192 -256 96 ) (-256 -256 96 ) 
4 161 (-576 -576 128 ) (-576 -576 64 ) (0 -576 64 ) (0 -576 128 ) 
4 162 (-32 -192 0 ) (0 -192 0 ) (0 -576 0 ) (-32 -576 0 ) 
4 162 (-64 -192 0 ) (-64 0 0 ) (0 0 0 ) (0 -192 0 ) 
4 162 (0 -1024 0 ) (-64 -1024 0 ) (-64 -576 0 ) (0 -576 0 ) 
4 162 (-64 -960 0 ) (-64 -1024 0 ) (-64 -1024 64 ) (-64 -960 64 ) 
4 162 (-64 -576 0 ) (-64 -960 0 ) (-64 -960 64 ) (-64 -576 64 ) 
4 162 (-64 0 0 ) (-64 -192 0 ) (-64 -192 64 ) (-64 0 64 ) 
4 162 (-64 -192 64 ) (0 -192 64 ) (0 0 64 ) (-64 0 64 ) 
4 162 (0 -576 64 ) (-64 -576 64 ) (-64 -1024 64 ) (0 -1024 64 ) 
4 163 (-576 0 0 ) (-576 -192 0 ) (-576 -192 64 ) (-576 0 64 ) 
4 163 (-192 0 64 ) (-192 -192 64 ) (-192 -192 0 ) (-192 0 0 ) 
4 164 (-576 -192 0 ) (-576 -320 0 ) (-576 -320 64 ) (-576 -192 64 ) 
4 164 (-576 -320 0 ) (-576 -576 0 ) (-576 -576 64 ) (-576 -320 64 ) 
4 164 (-192 -192 64 ) (-64 -192 64 ) (-64 -192 0 ) (-192 -192 0 ) 
4 164 (-576 -576 64 ) (-576 -576 0 ) (-64 -576 0 ) (-64 -576 64 ) 
4 165 (-960 -320 0 ) (-960 0 0 ) (-832 0 0 ) (-832 -320 0 ) 
4 165 (-960 -64 0 ) (-960 -192 0 ) (-960 -192 64 ) (-960 -64 64 ) 
4 165 (-832 -320 64 ) (-960 -320 64 ) (-960 -320 0 ) (-832 -320 0 ) 
4 165 (-832 -320 64 ) (-832 0 64 ) (-960 0 64 ) (-960 -320 64 ) 
4 165 (-832 0 64 ) (-832 -320 64 ) (-832 -320 0 ) (-832 0 0 ) 
4 166 (-320 -1024 0 ) (-960 -1024 0 ) (-960 -960 0 ) (-320 -960 0 ) 
4 166 (-576 -960 64 ) (-960 -960 64 ) (-960 -1024 64 ) (-576 -1024 64 ) 
4 166 (-320 -960 64 ) (-576 -960 64 ) (-576 -1024 64 ) (-320 -1024 64 ) 
4 166 (-320 -960 0 ) (-576 -960 0 ) (-576 -960 64 ) (-320 -960 64 ) 
4 166 (-576 -960 0 ) (-960 -960 0 ) (-960 -960 64 ) (-576 -960 64 ) 
4 166 (-320 -1024 64 ) (-320 -1024 0 ) (-320 -960 0 ) (-320 -960 64 ) 
4 167 (-960 -64 0 ) (-960 -64 128 ) (-1024 -64 128 ) (-1024 -64 32 ) 
4 167 (-960 -64 64 ) (-960 0 64 ) (-960 0 128 ) (-960 -64 128 ) 
4 167 (-960 -64 0.002744 ) (-1024 -64 32.002747 ) (-1024 0 32.002743 ) (-960 0 0.002743 ) 
4 168 (-1024 -320 0 ) (-1024 -192 0 ) (-960 -192 0 ) (-960 -320 0 ) 
4 168 (-960 -320 64 ) (-960 -192 64 ) (-1024 -192 64 ) (-1024 -320 64 ) 
4 168 (-1024 -192 64 ) (-960 -192 64 ) (-960 -192 0 ) (-1024 -192 0 ) 
4 168 (-1024 -320 0 ) (-960 -320 0 ) (-960 -320 64 ) (-1024 -320 64 ) 
4 169 (-960 -1024 0 ) (-1024 -1024 0 ) (-1024 -832 0 ) (-960 -832 0 ) 
4 169 (-1024 -832 64 ) (-960 -832 64 ) (-960 -832 0 ) (-1024 -832 0 ) 
4 169 (-1024 -832 64 ) (-1024 -832 128 ) (-960 -832 128 ) (-960 -832 64 ) 
4 169 (-960 -832 64 ) (-960 -832 128 ) (-960 -1024 128 ) (-960 -1024 64 ) 
4 169 (-960 -832 64 ) (-960 -960 64 ) (-960 -960 0 ) (-960 -832 0 ) 
4 170 (0 -192 -1024 ) (0 -576 -1024 ) (-32 -576 -1024 ) (-32 -192 -1024 ) 
4 170 (-32 -576 -1024 ) (0 -576 -1024 ) (0 -576 -32 ) (-32 -576 -32 ) 
4 170 (-32 -192 -32 ) (0 -192 -32 ) (0 -192 -1024 ) (-32 -192 -1024 ) 
4 170 (0 -192 -32 ) (-32 -192 -32 ) (-32 -576 -32 ) (0 -576 -32 ) 
4 171 (-32 -576 0 ) (-32 -576 -32 ) (-32 -192 -32 ) (-32 -192 0 ) 
4 171 (-32 -192 0 ) (-32 -192 -1024 ) (-192 -192 -1024 ) (-192 -192 0 ) 
4 171 (-192 -576 -1024 ) (-32 -576 -1024 ) (-32 -576 0 ) (-192 -576 0 ) 
4 171 (-32 -576 -1024 ) (-192 -576 -1024 ) (-192 -192 -1024 ) (-32 -192 -1024 ) 
4 172 (-576 0 -1024 ) (-192 0 -1024 ) (-192 -576 -1024 ) (-576 -576 -1024 ) 
4 172 (-576 -576 -1024 ) (-192 -576 -1024 ) (-192 -576 0 ) (-576 -576 0 ) 
4 172 (-192 0 0 ) (-192 -192 0 ) (-192 -192 -1024 ) (-192 0 -1024 ) 
4 172 (-576 0 -1024 ) (-576 -576 -1024 ) (-576 -576 0 ) (-576 0 0 ) 
4 173 (-448 -1024 384 ) (-448 -1024 256 ) (-448 -1088 256 ) (-448 -1088 384 ) 
4 173 (-448 -1088 256 ) (-448 -1344 256 ) (-448 -1344 384 ) (-448 -1088 384 ) 
4 173 (-448 -1344 256 ) (-448 -1216 256 ) (-320 -1216 256 ) (-320 -1344 256 ) 
4 173 (-448 -1216 256 ) (-448 -1024 256 ) (-64 -1024 256 ) (-64 -1216 256 ) 
4 173 (-448 -1344 384 ) (-448 -1344 256 ) (-64 -1344 256 ) (-64 -1344 384 ) 
4 173 (-64 -1344 384 ) (-64 -1344 256 ) (-64 -1024 256 ) (-64 -1024 384 ) 
4 173 (-64 -1344 384 ) (-64 -1024 384 ) (-448 -1024 384 ) (-448 -1344 384 ) 
4 174 (-320 -1216 256 ) (-64 -1216 256 ) (-64 -1216 192 ) (-192 -1216 192 ) 
4 174 (-64 -1216 256 ) (-64 -1344 256 ) (-64 -1344 192 ) (-64 -1216 192 ) 
4 174 (-192 -1344 192 ) (-64 -1344 192 ) (-64 -1344 256 ) (-320 -1344 256 ) 
4 174 (-320.001343 -1344 256 ) (-320.001343 -1216 256 ) (-192.001343 -1216 192 ) (-192.001343 -1344 192 ) 
4 175 (-320 -1216 192 ) (-320 -1216 128 ) (-64 -1216 128 ) (-192 -1216 192 ) 
4 175 (0 -1216 192 ) (0 -1024 192 ) (-64 -1024 192 ) (-64 -1216 192 ) 
4 175 (-320 -1216 192 ) (-64 -1216 192 ) (-64 -1024 192 ) (-320 -1024 192 ) 
4 175 (-320 -1216 128 ) (-320 -1024 128 ) (0 -1024 128 ) (0 -1216 128 ) 
4 176 (0 -1344 128 ) (-64 -1344 128 ) (-64 -1216 128 ) (0 -1216 128 ) 
4 176 (0 -1216 192 ) (-64 -1216 192 ) (-64 -1344 192 ) (0 -1344 192 ) 
4 176 (0 -1344 128 ) (0 -1344 192 ) (-192 -1344 192 ) (-64 -1344 128 ) 
4 176 (-191.998657 -1344 192 ) (-191.998657 -1216 192 ) (-63.998653 -1216 128 ) (-63.998653 -1344 128 ) 
4 177 (-448 -1024 192 ) (-448 -1024 128 ) (-448 -1088 128 ) (-448 -1088 192 ) 
4 177 (-448 -1088 128 ) (-448 -1344 128 ) (-448 -1344 192 ) (-448 -1088 192 ) 
4 177 (-320 -1216 192 ) (-320 -1344 192 ) (-320 -1344 128 ) (-320 -1216 128 ) 
4 177 (-320 -1344 128 ) (-448 -1344 128 ) (-448 -1024 128 ) (-320 -1024 128 ) 
4 177 (-320 -1216 192 ) (-448 -1216 192 ) (-448 -1344 192 ) (-320 -1344 192 ) 
4 177 (-320 -1216 192 ) (-320 -1024 192 ) (-448 -1024 192 ) (-448 -1216 192 ) 
4 177 (-320 -1344 192 ) (-448 -1344 192 ) (-448 -1344 128 ) (-320 -1344 128 ) 
4 178 (-64 -1024 0 ) (0 -1024 0 ) (0 -1216 0 ) (-64 -1216 0 ) 
4 178 (-64 -1216 64 ) (0 -1216 64 ) (0 -1024 64 ) (-64 -1024 64 ) 
4 178 (-64 -1024 0 ) (-64 -1216 0 ) (-64 -1216 64 ) (-64 -1024 64 ) 
4 179 (-448 -1088 0 ) (-448 -1216 0 ) (-448 -1216 64 ) (-448 -1088 64 ) 
4 179 (-320 -1024 64 ) (-320 -1216 64 ) (-320 -1216 0 ) (-320 -1024 0 ) 
4 179 (-320 -1216 64 ) (-320 -1024 64 ) (-448 -1024 64 ) (-448 -1216 64 ) 
4 179 (-448 -1024 0 ) (-320 -1024 0 ) (-320 -1216 0 ) (-448 -1216 0 ) 
4 180 (-448 -1216 0 ) (-448 -1344 0 ) (-448 -1344 64 ) (-448 -1216 64 ) 
4 180 (-64 -1216 0 ) (-320 -1216 0 ) (-320 -1216 64 ) (-64 -1216 64 ) 
4 180 (-448 -1344 0 ) (0 -1344 0 ) (0 -1344 64 ) (-448 -1344 64 ) 
4 180 (0 -1216 0 ) (0 -1344 0 ) (-448 -1344 0 ) (-448 -1216 0 ) 
4 180 (0 -1216 64 ) (-448 -1216 64 ) (-448 -1344 64 ) (0 -1344 64 ) 
4 181 (-960 -1088 64 ) (-960 -1088 0 ) (-448 -1088 0 ) (-448 -1088 64 ) 
4 181 (-960 -1024 0 ) (-448 -1024 0 ) (-448 -1088 0 ) (-960 -1088 0 ) 
4 181 (-448 -1024 64 ) (-960 -1024 64 ) (-960 -1088 64 ) (-448 -1088 64 ) 
4 182 (-1024 -1344 256 ) (-1024 -1344 0 ) (-960 -1344 0 ) (-960 -1344 256 ) 
4 182 (-1024 -1344 0 ) (-1024 -1024 0 ) (-960 -1024 0 ) (-960 -1344 0 ) 
4 182 (-960 -1088 256 ) (-960 -1344 256 ) (-960 -1344 0 ) (-960 -1088 0 ) 
4 182 (-960 -1088 256 ) (-960 -1088 64 ) (-960 -1024 64 ) (-960 -1024 256 ) 
4 182 (-1024 -1344 256 ) (-960 -1344 256 ) (-960 -1024 256 ) (-1024 -1024 256 ) 
4 183 (-1024 1344 256 ) (-1472 1344 256 ) (-1472 1024 256 ) (-1024 1024 256 ) 
4 183 (-1024 1024 0 ) (-1472 1024 0 ) (-1472 1344 0 ) (-1024 1344 0 ) 
4 183 (-1472 1344 0 ) (-1472 1024 0 ) (-1472 1024 256 ) (-1472 1344 256 ) 
4 183 (-1024 1344 0 ) (-1472 1344 0 ) (-1472 1344 256 ) (-1024 1344 256 ) 
4 184 (-1088 832 64 ) (-1088 832 128 ) (-1216 832 128 ) (-1216 832 64 ) 
4 184 (-1088 832 0 ) (-1024 832 0 ) (-1024 832 128 ) (-1088 832 128 ) 
4 184 (-1472 832 0 ) (-1216 832 0 ) (-1216 832 128 ) (-1472 832 128 ) 
4 184 (-1344 832 192 ) (-1472 832 192 ) (-1472 832 128 ) (-1344 832 128 ) 
4 184 (-1024 832 128 ) (-1024 832 192 ) (-1344 832 192 ) (-1344 832 128 ) 
4 184 (-1024 832 192 ) (-1024 832 256 ) (-1472 832 256 ) (-1472 832 192 ) 
4 184 (-1472 1024 256 ) (-1472 1024 0 ) (-1472 832 0 ) (-1472 832 256 ) 
4 184 (-1472 1024 0 ) (-1024 1024 0 ) (-1024 832 0 ) (-1472 832 0 ) 
4 184 (-1024 1024 256 ) (-1472 1024 256 ) (-1472 832 256 ) (-1024 832 256 ) 
4 185 (-1216 704 128 ) (-1088 704 128 ) (-1088 576 128 ) (-1216 576 128 ) 
4 185 (-1088 704 128 ) (-1024 704 128 ) (-1024 576 128 ) (-1088 576 128 ) 
4 185 (-1344 576 128 ) (-1344 704 128 ) (-1216 704 128 ) (-1216 576 128 ) 
4 185 (-1344 576 192 ) (-1344 576 128 ) (-1024 576 128 ) (-1024 576 192 ) 
4 185 (-1024 576 192 ) (-1024 704 192 ) (-1344 704 192 ) (-1344 576 192 ) 
4 185 (-1024 704 192 ) (-1024 704 128 ) (-1344 704 128 ) (-1344 704 192 ) 
4 186 (-1344 320 128 ) (-1472 320 128 ) (-1472 704 128 ) (-1344 704 128 ) 
4 186 (-1472 704 128 ) (-1472 320 128 ) (-1472 320 192 ) (-1472 704 192 ) 
4 186 (-1344 704 192 ) (-1472 704 192 ) (-1472 320 192 ) (-1344 320 192 ) 
4 186 (-1344 576 192 ) (-1344 320 192 ) (-1344 320 128 ) (-1344 576 128 ) 
4 186 (-1472 704 192 ) (-1344 704 192 ) (-1344 704 128 ) (-1472 704 128 ) 
4 187 (-1088 832 0 ) (-1088 832 64 ) (-1088 320 64 ) (-1088 320 0 ) 
4 187 (-1216 832 0 ) (-1088 832 0 ) (-1088 320 0 ) (-1216 320 0 ) 
4 187 (-1216 320 0 ) (-1216 320 64 ) (-1216 832 64 ) (-1216 832 0 ) 
4 187 (-1088 320 64 ) (-1088 832 64 ) (-1216 832 64 ) (-1216 320 64 ) 
4 188 (-1344 0 128 ) (-1472 0 128 ) (-1472 192 128 ) (-1344 192 128 ) 
4 188 (-1216 0 128 ) (-1344 0 128 ) (-1344 64 128 ) (-1216 64 128 ) 
4 188 (-1344 64 128 ) (-1344 192 128 ) (-1024 192 128 ) (-1024 64 128 ) 
4 188 (-1472 0 128 ) (-1600 0 128 ) (-1600 192 128 ) (-1472 192 128 ) 
4 188 (-1600 192 128 ) (-1600 320 128 ) (-1024 320 128 ) (-1024 192 128 ) 
4 188 (-1600 320 384 ) (-1600 320 128 ) (-1600 0 128 ) (-1600 0 384 ) 
4 188 (-1600 320 384 ) (-1472 320 384 ) (-1472 320 128 ) (-1600 320 128 ) 
4 188 (-1472 320 192 ) (-1472 320 384 ) (-1024 320 384 ) (-1024 320 192 ) 
4 188 (-1344 320 128 ) (-1344 320 192 ) (-1024 320 192 ) (-1024 320 128 ) 
4 188 (-1024 320 384 ) (-1600 320 384 ) (-1600 0 384 ) (-1024 0 384 ) 
4 189 (-1344 192 0 ) (-1024 192 0 ) (-1024 192 64 ) (-1344 192 64 ) 
4 189 (-1024 320 64 ) (-1472 320 64 ) (-1472 192 64 ) (-1024 192 64 ) 
4 189 (-1088 320 64 ) (-1024 320 64 ) (-1024 320 0 ) (-1088 320 0 ) 
4 189 (-1472 320 64 ) (-1216 320 64 ) (-1216 320 0 ) (-1472 320 0 ) 
4 189 (-1472 320 0 ) (-1024 320 0 ) (-1024 192 0 ) (-1472 192 0 ) 
4 189 (-1472 192 0 ) (-1472 192 64 ) (-1472 320 64 ) (-1472 320 0 ) 
3 190 (-1216 64 128 ) (-1024 64 128 ) (-1024 64 32 ) 
4 190 (-1215.998779 0 128 ) (-1215.998779 64 128 ) (-1024 64 32 ) (-1024 0 32 ) 
4 191 (-1344 0 0 ) (-1472 0 0 ) (-1472 192 0 ) (-1344 192 0 ) 
4 191 (-1472 192 64 ) (-1472 192 0 ) (-1472 0 0 ) (-1472 0 64 ) 
4 191 (-1344 64 64 ) (-1344 64 0 ) (-1344 192 0 ) (-1344 192 64 ) 
4 191 (-1344 64 64 ) (-1344 0 64 ) (-1344 0 0 ) (-1344 64 0 ) 
4 191 (-1344 0 64 ) (-1344 192 64 ) (-1472 192 64 ) (-1472 0 64 ) 
4 192 (-1088 -320 384 ) (-1216 -320 384 ) (-1216 -320 128 ) (-1088 -320 128 ) 
4 192 (-1216 -320 384 ) (-1600 -320 384 ) (-1600 -320 128 ) (-1216 -320 128 ) 
4 192 (-1024 -320 192 ) (-1024 -320 384 ) (-1088 -320 384 ) (-1088 -320 192 ) 
4 192 (-1024 -320 128 ) (-1472 -320 128 ) (-1472 -192 128 ) (-1024 -192 128 ) 
4 192 (-1472 -192 128 ) (-1472 0 128 ) (-1344 0 128 ) (-1344 -192 128 ) 
4 192 (-1344 0 128 ) (-1216 0 128 ) (-1216 -64 128 ) (-1344 -64 128 ) 
4 192 (-1024 -64 128 ) (-1024 -192 128 ) (-1344 -192 128 ) (-1344 -64 128 ) 
4 192 (-1472 -320 128 ) (-1600 -320 128 ) (-1600 0 128 ) (-1472 0 128 ) 
4 192 (-1024 0 384 ) (-1600 0 384 ) (-1600 -320 384 ) (-1024 -320 384 ) 
4 192 (-1600 0 128 ) (-1600 -320 128 ) (-1600 -320 384 ) (-1600 0 384 ) 
3 193 (-1024 -64 32 ) (-1024 -64 128 ) (-1216 -64 128 ) 
4 193 (-1024 -64 32 ) (-1216.004395 -64 128 ) (-1216.004395 0 128 ) (-1024 0 32 ) 
4 194 (-1472 0 0 ) (-1472 -192 0 ) (-1472 -192 64 ) (-1472 0 64 ) 
4 194 (-1472 0 0 ) (-1344 0 0 ) (-1344 -192 0 ) (-1472 -192 0 ) 
4 194 (-1344 -64 64 ) (-1344 -192 64 ) (-1344 -192 0 ) (-1344 -64 0 ) 
4 194 (-1344 0 64 ) (-1344 -64 64 ) (-1344 -64 0 ) (-1344 0 0 ) 
4 194 (-1472 0 64 ) (-1472 -192 64 ) (-1344 -192 64 ) (-1344 0 64 ) 
4 195 (-1472 -320 0 ) (-1216 -320 0 ) (-1216 -320 64 ) (-1472 -320 64 ) 
4 195 (-1088 -320 0 ) (-1024 -320 0 ) (-1024 -320 64 ) (-1088 -320 64 ) 
4 195 (-1024 -192 0 ) (-1024 -320 0 ) (-1472 -320 0 ) (-1472 -192 0 ) 
4 195 (-1472 -192 0 ) (-1472 -320 0 ) (-1472 -320 64 ) (-1472 -192 64 ) 
4 195 (-1344 -192 64 ) (-1024 -192 64 ) (-1024 -192 0 ) (-1344 -192 0 ) 
4 195 (-1024 -192 64 ) (-1472 -192 64 ) (-1472 -320 64 ) (-1024 -320 64 ) 
4 196 (-1088 -320 192 ) (-1088 -320 128 ) (-1088 -704 128 ) (-1088 -704 192 ) 
4 196 (-1024 -704 128 ) (-1088 -704 128 ) (-1088 -320 128 ) (-1024 -320 128 ) 
4 196 (-1088 -704 192 ) (-1088 -704 128 ) (-1024 -704 128 ) (-1024 -704 192 ) 
4 196 (-1024 -320 192 ) (-1088 -320 192 ) (-1088 -704 192 ) (-1024 -704 192 ) 
4 197 (-1216 -320 64 ) (-1216 -320 0 ) (-1216 -832 0 ) (-1216 -832 64 ) 
4 197 (-1088 -704 64 ) (-1088 -704 0 ) (-1088 -320 0 ) (-1088 -320 64 ) 
4 197 (-1088 -704 64 ) (-1088 -832 64 ) (-1088 -832 0 ) (-1088 -704 0 ) 
4 197 (-1216 -320 0 ) (-1088 -320 0 ) (-1088 -832 0 ) (-1216 -832 0 ) 
4 197 (-1088 -832 64 ) (-1088 -320 64 ) (-1216 -320 64 ) (-1216 -832 64 ) 
4 198 (-1024 -832 256 ) (-1472 -832 256 ) (-1472 -1024 256 ) (-1024 -1024 256 ) 
4 198 (-1216 -832 64 ) (-1216 -832 256 ) (-1088 -832 256 ) (-1088 -832 64 ) 
4 198 (-1472 -832 256 ) (-1216 -832 256 ) (-1216 -832 0 ) (-1472 -832 0 ) 
4 198 (-1088 -832 256 ) (-1024 -832 256 ) (-1024 -832 0 ) (-1088 -832 0 ) 
4 198 (-1024 -1024 0 ) (-1472 -1024 0 ) (-1472 -832 0 ) (-1024 -832 0 ) 
4 198 (-1472 -1024 256 ) (-1472 -832 256 ) (-1472 -832 0 ) (-1472 -1024 0 ) 
4 199 (-1024 -1344 256 ) (-1024 -1024 256 ) (-1472 -1024 256 ) (-1472 -1344 256 ) 
4 199 (-1472 -1024 0 ) (-1024 -1024 0 ) (-1024 -1344 0 ) (-1472 -1344 0 ) 
4 199 (-1472 -1024 256 ) (-1472 -1024 0 ) (-1472 -1344 0 ) (-1472 -1344 256 ) 
4 199 (-1024 -1344 256 ) (-1472 -1344 256 ) (-1472 -1344 0 ) (-1024 -1344 0 ) 
